Log file open, 05/08/17 15:06:03
LogInit:Display: Running engine for game: Pong
LogPlatformFile: Not using cached read wrapper
LogInit:Display: RandInit(146915103) SRandInit(146915103).
LogTaskGraph: Started task graph with 5 named threads and 8 total threads with 1 sets of task threads.
LogStats: Stats thread started at 0.206871
LogInit: Using libcurl 7.47.1
LogInit:  - built for x86_64-pc-win32
LogInit:  - supports SSL with OpenSSL/1.0.2g
LogInit:  - supports HTTP deflate (compression) using libz 1.2.8
LogInit:  - other features:
LogInit:      CURL_VERSION_SSL
LogInit:      CURL_VERSION_LIBZ
LogInit:      CURL_VERSION_IPV6
LogInit:      CURL_VERSION_ASYNCHDNS
LogInit:      CURL_VERSION_LARGEFILE
LogInit:      CURL_VERSION_IDN
LogInit:  CurlRequestOptions (configurable via config and command line):
LogInit:  - bVerifyPeer = false  - Libcurl will NOT verify peer certificate
LogInit:  - bUseHttpProxy = false  - Libcurl will NOT use HTTP proxy
LogInit:  - bDontReuseConnections = false  - Libcurl will reuse connections
LogInit:  - CertBundlePath = nullptr  - Libcurl will use whatever was configured at build time.
LogInit: Build: ++UE4+Release-4.15-CL-3416026
LogInit: Engine Version: 4.15.2-3416026+++UE4+Release-4.15
LogInit: Compatible Engine Version: 4.15.0-3299760+++UE4+Release-4.15
LogInit: Net CL: 3299760
LogDevObjectVersion: Number of dev versions registered: 14
LogDevObjectVersion:   Dev-Blueprints (B0D832E4-1F89-4F0D-ACCF-7EB736FD4AA2): 8
LogDevObjectVersion:   Dev-Build (E1C64328-A22C-4D53-A36C-8E866417BD8C): 0
LogDevObjectVersion:   Dev-Core (375EC13C-06E4-48FB-B500-84F0262A717E): 2
LogDevObjectVersion:   Dev-Editor (E4B068ED-F494-42E9-A231-DA0B2E46BB41): 14
LogDevObjectVersion:   Dev-Framework (CFFC743F-43B0-4480-9391-14DF171D2073): 22
LogDevObjectVersion:   Dev-Mobile (B02B49B5-BB20-44E9-A304-32B752E40360): 0
LogDevObjectVersion:   Dev-Networking (A4E4105C-59A1-49B5-A7C5-40C4547EDFEE): 0
LogDevObjectVersion:   Dev-Online (39C831C9-5AE6-47DC-9A44-9C173E1C8E7C): 0
LogDevObjectVersion:   Dev-Physics (78F01B33-EBEA-4F98-B9B4-84EACCB95AA2): 0
LogDevObjectVersion:   Dev-Platform (6631380F-2D4D-43E0-8009-CF276956A95A): 0
LogDevObjectVersion:   Dev-Rendering (12F88B9F-8875-4AFC-A67C-D90C383ABD29): 12
LogDevObjectVersion:   Dev-Sequencer (7B5AE74C-D270-4C10-A958-57980B212A5A): 3
LogDevObjectVersion:   Dev-VR (D7296918-1DD6-4BDD-9DE2-64A83CC13884): 0
LogDevObjectVersion:   Dev-LoadTimes (C2A15278-BFE7-4AFE-6C17-90FF531DF755): 1
LogInit: Compiled (64-bit): May  1 2017 13:11:28
LogInit: Compiled with Visual C++: 19.00.23026.00
LogInit: Build Configuration: Development
LogInit: Branch Name: ++UE4+Release-4.15
LogInit: Command line:  
LogInit: Base directory: C:/Program Files/Epic Games/UE_4.15/Engine/Binaries/Win64/
LogInit: Installed Engine Build: 1
LogInit: Presizing for max 8388607 objects, including 0 objects not considered by GC, pre-allocating 0 bytes for permanent pool.
LogInit: Object subsystem initialized
[2017.05.08-14.06.04:465][  0]LogInit: Selected Device Profile: [Windows]
[2017.05.08-14.06.04:465][  0]LogInit: Applying CVar settings loaded from the selected device profile: [Windows]
[2017.05.08-14.06.04:502][  0]LogInit: Computer: DESKTOP-VGT605G
[2017.05.08-14.06.04:502][  0]LogInit: User: Rob
[2017.05.08-14.06.04:502][  0]LogInit: CPU Page size=65536, Cores=4
[2017.05.08-14.06.04:502][  0]LogInit: High frequency timer resolution =3.421879 MHz
[2017.05.08-14.06.04:502][  0]LogMemory: Memory total: Physical=16.0GB (16GB approx)
[2017.05.08-14.06.04:502][  0]LogMemory: Platform Memory Stats for Windows
[2017.05.08-14.06.04:502][  0]LogMemory: Process Physical Memory: 261.87 MB used, 261.87 MB peak
[2017.05.08-14.06.04:502][  0]LogMemory: Process Virtual Memory: 262.47 MB used, 262.47 MB peak
[2017.05.08-14.06.04:502][  0]LogMemory: Physical Memory: 10941.90 MB used,  5394.67 MB free, 16336.57 MB total
[2017.05.08-14.06.04:502][  0]LogMemory: Virtual Memory: 639.55 MB used,  5394.67 MB free, 134217728.00 MB total
[2017.05.08-14.06.04:586][  0]LogTextLocalizationManager: No specific translations for ('en-GB') exist, so ('en') translations will be used.
[2017.05.08-14.06.05:367][  0]LogD3D11RHI: D3D11 adapters:
[2017.05.08-14.06.06:423][  0]LogD3D11RHI:    0. 'NVIDIA GeForce GTX 980 Ti' (Feature Level 11_0)
[2017.05.08-14.06.06:423][  0]LogD3D11RHI:       6103/0/8168 MB DedicatedVideo/DedicatedSystem/SharedSystem, Outputs:2, VendorId:0x10de
[2017.05.08-14.06.06:426][  0]LogD3D11RHI:    1. 'Microsoft Basic Render Driver' (Feature Level 11_0)
[2017.05.08-14.06.06:426][  0]LogD3D11RHI:       0/0/8168 MB DedicatedVideo/DedicatedSystem/SharedSystem, Outputs:0, VendorId:0x1414
[2017.05.08-14.06.06:426][  0]LogD3D11RHI: Chosen D3D11 Adapter: 0
[2017.05.08-14.06.06:431][  0]LogD3D11RHI: Creating new Direct3DDevice
[2017.05.08-14.06.06:431][  0]LogD3D11RHI:     GPU DeviceId: 0x17c8 (for the marketing name, search the web for "GPU Device Id")
[2017.05.08-14.06.06:431][  0]LogWindows: EnumDisplayDevices:
[2017.05.08-14.06.06:432][  0]LogWindows:    0. 'NVIDIA GeForce GTX 980 Ti' (P:1 D:1)
[2017.05.08-14.06.06:433][  0]LogWindows:    1. 'NVIDIA GeForce GTX 980 Ti' (P:0 D:1)
[2017.05.08-14.06.06:433][  0]LogWindows:    2. 'NVIDIA GeForce GTX 980 Ti' (P:0 D:0)
[2017.05.08-14.06.06:433][  0]LogWindows:    3. 'NVIDIA GeForce GTX 980 Ti' (P:0 D:0)
[2017.05.08-14.06.06:433][  0]LogWindows: DebugString: FoundDriverCount:4 
[2017.05.08-14.06.06:433][  0]LogD3D11RHI:     Adapter Name: NVIDIA GeForce GTX 980 Ti
[2017.05.08-14.06.06:433][  0]LogD3D11RHI:   Driver Version: 381.89 (internal:22.21.13.8189, unified:381.89)
[2017.05.08-14.06.06:433][  0]LogD3D11RHI:      Driver Date: 4-19-2017
[2017.05.08-14.06.06:433][  0]LogRHI: Texture pool is 1361 MB (70% of 1945 MB)
[2017.05.08-14.06.07:273][  0]LogD3D11RHI: [Aftermath] Aftermath enabled and primed
[2017.05.08-14.06.07:273][  0]LogD3D11RHI: Async texture creation enabled
[2017.05.08-14.06.07:465][  0]LogD3D11RHI: GPU Timing Frequency: 1000.000000 (Debug: 2 1)
[2017.05.08-14.06.07:577][  0]LogShaderCompilers: Guid format shader working directory is 24 characters bigger than the processId version (D:/Projects/UE4/Pong/Intermediate/Shaders/WorkingDirectory/5292/).
[2017.05.08-14.06.07:577][  0]LogShaderCompilers: Cleaned the shader compiler working directory 'C:/Users/Rob/AppData/Local/Temp/UnrealShaderWorkingDir/FE2FF53B4BEF395112E5089127AD8D52/'.
[2017.05.08-14.06.07:577][  0]LogShaderCompilers:Display: Using Local Shader Compiler.
[2017.05.08-14.06.09:284][  0]LogTemp:Display: Loaded TP AllDesktopTargetPlatform
[2017.05.08-14.06.09:367][  0]LogTemp:Display: Loaded TP MacClientTargetPlatform
[2017.05.08-14.06.09:455][  0]LogTemp:Display: Loaded TP MacNoEditorTargetPlatform
[2017.05.08-14.06.09:526][  0]LogTemp:Display: Loaded TP MacServerTargetPlatform
[2017.05.08-14.06.09:588][  0]LogTemp:Display: Loaded TP MacTargetPlatform
[2017.05.08-14.06.09:658][  0]LogTemp:Display: Loaded TP WindowsClientTargetPlatform
[2017.05.08-14.06.09:724][  0]LogTemp:Display: Loaded TP WindowsNoEditorTargetPlatform
[2017.05.08-14.06.09:791][  0]LogTemp:Display: Loaded TP WindowsServerTargetPlatform
[2017.05.08-14.06.09:835][  0]LogTemp:Display: Loaded TP WindowsTargetPlatform
[2017.05.08-14.06.09:897][  0]LogTemp:Display: Loaded TP AndroidTargetPlatform
[2017.05.08-14.06.09:958][  0]LogTemp:Display: Loaded TP Android_ASTCTargetPlatform
[2017.05.08-14.06.10:032][  0]LogTemp:Display: Loaded TP Android_ATCTargetPlatform
[2017.05.08-14.06.10:083][  0]LogTemp:Display: Loaded TP Android_DXTTargetPlatform
[2017.05.08-14.06.10:158][  0]LogTemp:Display: Loaded TP Android_ETC1TargetPlatform
[2017.05.08-14.06.10:234][  0]LogTemp:Display: Loaded TP Android_ETC2TargetPlatform
[2017.05.08-14.06.10:370][  0]LogTemp:Display: Loaded TP Android_MultiTargetPlatform
[2017.05.08-14.06.10:370][  0]LogTemp:Display: Loaded TP Android_PVRTCTargetPlatform
[2017.05.08-14.06.10:409][  0]LogTemp:Display: Loaded TP HTML5TargetPlatform
[2017.05.08-14.06.10:544][  0]LogTemp:Display: Loaded TP IOSTargetPlatform
[2017.05.08-14.06.10:581][  0]LogTemp:Display: Loaded TP TVOSTargetPlatform
[2017.05.08-14.06.10:637][  0]LogTemp:Display: Loaded TP LinuxClientTargetPlatform
[2017.05.08-14.06.10:715][  0]LogTemp:Display: Loaded TP LinuxNoEditorTargetPlatform
[2017.05.08-14.06.10:772][  0]LogTemp:Display: Loaded TP LinuxServerTargetPlatform
[2017.05.08-14.06.10:830][  0]LogTemp:Display: Loaded TP LinuxTargetPlatform
[2017.05.08-14.06.10:830][  0]LogTargetPlatformManager:Display: Building Assets For Windows
[2017.05.08-14.06.11:329][  0]LogDerivedDataCache:Display: Max Cache Size: 512 MB
[2017.05.08-14.06.11:405][  0]LogDerivedDataCache: Loaded boot cache 0.08s 50MB C:/Users/Rob/AppData/Local/UnrealEngine/4.15/DerivedDataCache/Boot.ddc.
[2017.05.08-14.06.11:405][  0]LogDerivedDataCache:Display: Loaded Boot cache: C:/Users/Rob/AppData/Local/UnrealEngine/4.15/DerivedDataCache/Boot.ddc
[2017.05.08-14.06.11:405][  0]LogDerivedDataCache: FDerivedDataBackendGraph:  Pak pak cache file D:/Projects/UE4/Pong/DerivedDataCache/DDC.ddp not found, will not use a pak cache.
[2017.05.08-14.06.11:405][  0]LogDerivedDataCache: Unable to find inner node Pak for hierarchical cache Hierarchy.
[2017.05.08-14.06.11:405][  0]LogDerivedDataCache: FDerivedDataBackendGraph:  CompressedPak pak cache file D:/Projects/UE4/Pong/DerivedDataCache/Compressed.ddp not found, will not use a pak cache.
[2017.05.08-14.06.11:405][  0]LogDerivedDataCache: Unable to find inner node CompressedPak for hierarchical cache Hierarchy.
[2017.05.08-14.06.11:433][  0]LogDerivedDataCache:Display: Pak cache opened for reading ../../../Engine/DerivedDataCache/Compressed.ddp.
[2017.05.08-14.06.11:456][  0]LogDerivedDataCache: Using Local data cache path C:/Users/Rob/AppData/Local/UnrealEngine/Common/DerivedDataCache: Writable
[2017.05.08-14.06.11:474][  0]LogSlate: Using Freetype 2.6.0
[2017.05.08-14.06.11:476][  0]LogSlate: SlateFontCache - WITH_FREETYPE: 1, WITH_HARFBUZZ: 1
[2017.05.08-14.06.11:476][  0]LogSlate: SlateFontCache - WITH_FREETYPE: 1, WITH_HARFBUZZ: 1
[2017.05.08-14.06.11:871][  0]LogInit: Selected Device Profile: [Windows]
[2017.05.08-14.06.11:878][  0]LogContentStreaming: Texture pool size is 0.00 MB
[2017.05.08-14.06.12:187][  0]LogMeshUtilities: Using QuadricMeshReduction for automatic static mesh reduction
[2017.05.08-14.06.12:280][  0]LogSimplygon: Simplygon DLL not present - disabling.
[2017.05.08-14.06.12:396][  0]LogMeshUtilities: Using SimplygonSwarm for distributed automatic mesh merging
[2017.05.08-14.06.12:396][  0]LogMeshUtilities: No automatic skeletal mesh reduction module available
[2017.05.08-14.06.12:396][  0]LogMeshUtilities: No automatic mesh merging module available
[2017.05.08-14.06.13:568][  0]LogNetVersion: GetLocalNetworkVersion: CL: 3299760, ProjectName: pong, ProjectVersion: , EngineNetworkVersion: 2, GameNetworkVersion: 0, NetworkChecksum: 207199129
[2017.05.08-14.06.13:673][  0]LogAssetRegistry: FAssetRegistry took 0.0541 seconds to start up
[2017.05.08-14.06.13:741][  0]LogPackageLocalizationCache: Processed 3 localized package path(s) for 2 prioritized culture(s) in 0.040016 seconds
[2017.05.08-14.06.13:746][  0]LogUObjectArray: 32493 objects as part of root set at end of initial load.
[2017.05.08-14.06.13:746][  0]LogUObjectAllocator: 7077024 out of 0 bytes used by permanent object pool.
[2017.05.08-14.06.13:746][  0]LogUObjectArray: CloseDisregardForGC: 0/0 objects in disregard for GC pool
[2017.05.08-14.06.13:846][  0]LogInit: WinSock: version 1.1 (2.2), MaxSocks=32767, MaxUdp=65467
[2017.05.08-14.06.16:681][  0]LogTcpMessaging: Initializing TcpMessaging bridge
[2017.05.08-14.06.16:750][  0]LogUdpMessaging: Initializing bridge on interface 0.0.0.0:0 to multicast group 230.0.0.1:6666.
[2017.05.08-14.06.17:488][  0]LogMaterial: Uniform references updated for custom material expression Custom.
[2017.05.08-14.06.18:127][  0]SourceControl: Info Source control is disabled
[2017.05.08-14.06.18:781][  0]SourceControl: Info Source control is disabled
[2017.05.08-14.06.18:899][  0]SourceControl: Info Source control is disabled
[2017.05.08-14.06.18:955][  0]SourceControl: Info Source control is disabled
[2017.05.08-14.06.20:673][  0]LogEngine: Initializing Engine...
[2017.05.08-14.06.20:673][  0]LogHMD: Failed to initialize OpenVR with code 110
[2017.05.08-14.06.20:951][  0]LogStats: UGameplayTagsManager::ConstructGameplayTagTree: Construct from data asset -  0.000 s
[2017.05.08-14.06.20:951][  0]LogStats: UGameplayTagsManager::ConstructGameplayTagTree: GameplayTagTreeChangedEvent.Broadcast -  0.000 s
[2017.05.08-14.06.21:199][  0]LogAIModule: Creating AISystem for world Untitled
[2017.05.08-14.06.21:244][  0]LogInit: XAudio2 using 'Speakers (Siberia V2 Illuminated)' : 2 channels at 44.1 kHz using 16 bits per sample (channel mask 0x3)
[2017.05.08-14.06.21:354][  0]LogInit: FAudioDevice initialized.
[2017.05.08-14.06.21:376][  0]LogDerivedDataCache: Saved boot cache 0.02s 50MB C:/Users/Rob/AppData/Local/UnrealEngine/4.15/DerivedDataCache/Boot.ddc.
[2017.05.08-14.06.21:384][  0]LogInit: Texture streaming: Enabled
[2017.05.08-14.06.21:522][  0]LogEngineSessionManager: EngineSessionManager initialized
[2017.05.08-14.06.21:677][  0]LogInit: Transaction tracking system initialized
[2017.05.08-14.06.22:215][  0]BlueprintLog: New page: Editor Load
[2017.05.08-14.06.23:841][  0]LocalizationService: Info Localization service is disabled
[2017.05.08-14.06.26:456][  0]LogConsoleResponse:Display: 
[2017.05.08-14.06.26:706][  0]LogCook:Display: Max memory allowance for cook 16384mb min free memory 0mb
[2017.05.08-14.06.26:706][  0]LogCook:Display: Mobile HDR setting 1
[2017.05.08-14.06.27:504][  0]LogFileCache: Scanning file cache for directory 'D:/Projects/UE4/Pong/Content/' took 0.03s
[2017.05.08-14.06.28:385][  0]SourceControl: Info Source control is disabled
[2017.05.08-14.06.28:385][  0]Cmd: MAP LOAD FILE="D:/Projects/UE4/Pong/Content/Maps/Main.umap" TEMPLATE=0 SHOWPROGRESS=1 FEATURELEVEL=3
[2017.05.08-14.06.28:417][  0]LightingResults: New page: Lighting Build
[2017.05.08-14.06.28:510][  0]MapCheck: New page: Map Check
[2017.05.08-14.06.28:510][  0]LightingResults: New page: Lighting Build
[2017.05.08-14.06.28:673][  0]LogAIModule: Creating AISystem for world Main
[2017.05.08-14.06.56:181][  0]LogEditorServer: Finished looking for orphan Actors (0.000 secs)
[2017.05.08-14.06.56:181][  0]Cmd: MAP CHECKDEP NOCLEARLOG
[2017.05.08-14.06.56:215][  0]MapCheck: Info Map check complete: 0 Error(s), 0 Warning(s), took 33.603ms to complete.
[2017.05.08-14.06.56:215][  0]LogFileHelpers: Loading map 'Main' took 27.830
[2017.05.08-14.06.57:753][  0]LogSlate: Only BGRA pngs, bmps or icos are supported in by External Image Picker
[2017.05.08-14.06.57:916][  0]LogTemp:Display: Executing iPhonePackager certificates Engine -bundlename com.YourCompany.Pong

[2017.05.08-14.06.57:916][  0]LogTemp:Display: CWD: C:\Program Files\Epic Games\UE_4.15\Engine\Binaries\DotNET\IOS

[2017.05.08-14.06.57:916][  0]LogTemp:Display: Initial Dir: C:\Program Files\Epic Games\UE_4.15

[2017.05.08-14.06.57:916][  0]LogTemp:Display: Env CWD: C:\Program Files\Epic Games\UE_4.15\Engine\Binaries\DotNET\IOS

[2017.05.08-14.06.57:916][  0]LogTemp:Display: BranchPath = DESKTOP-VGT605G/C/Program Files/Epic Games/UE_4.15/Engine/Binaries --- GameBranchPath = DESKTOP-VGT605G/C/Program Files/Epic Games/UE_4.15/Engine/Binaries

[2017.05.08-14.06.57:916][  0]LogTemp:Display: IPP ERROR: Application exception: System.IO.DirectoryNotFoundException: Could not find a part of the path 'C:\Users\Rob\AppData\Local\Apple Computer\MobileDevice\Provisioning Profiles'.

[2017.05.08-14.06.57:916][  0]LogTemp:Display:    at System.IO.__Error.WinIOError(Int32 errorCode, String maybeFullPath)

[2017.05.08-14.06.57:916][  0]LogTemp:Display:    at System.IO.FileSystemEnumerableIterator`1.CommonInit()

[2017.05.08-14.06.57:916][  0]LogTemp:Display:    at System.IO.Directory.EnumerateFiles(String path, String searchPattern)

[2017.05.08-14.06.57:916][  0]LogTemp:Display:    at iPhonePackager.CodeSignatureBuilder.FindProvisions(String CFBundleIdentifier)

[2017.05.08-14.06.57:916][  0]LogTemp:Display:    at iPhonePackager.Program.Main(String[] args)

[2017.05.08-14.06.57:916][  0]LogCollectionManager: Loaded 0 collections in 0.001452 seconds
[2017.05.08-14.06.57:989][  0]LogFileCache: Scanning file cache for directory 'D:/Projects/UE4/Pong/Saved/Collections/' took 0.01s
[2017.05.08-14.06.57:989][  0]LogFileCache: Scanning file cache for directory 'D:/Projects/UE4/Pong/Content/Developers/Rob/Collections/' took 0.01s
[2017.05.08-14.06.57:989][  0]LogFileCache: Scanning file cache for directory 'D:/Projects/UE4/Pong/Content/Collections/' took 0.00s
[2017.05.08-14.06.57:989][  0]LogCollectionManager: Rebuilt the GUID cache for 0 collections in 0.000001 seconds
[2017.05.08-14.06.57:999][  0]LogContentBrowser: Native class hierarchy populated in 0.0099 seconds. Added 2245 classes and 453 folders.
[2017.05.08-14.06.58:103][  0]LogContentBrowser: Native class hierarchy updated for 'WidgetCarousel' in 0.0005 seconds. Added 0 classes and 0 folders.
[2017.05.08-14.06.58:163][  0]LogContentBrowser: Native class hierarchy updated for 'AddContentDialog' in 0.0005 seconds. Added 0 classes and 0 folders.
[2017.05.08-14.06.58:213][  0]LogContentBrowser: Native class hierarchy updated for 'SceneOutliner' in 0.0004 seconds. Added 1 classes and 2 folders.
[2017.05.08-14.06.58:313][  0]LogCrashTracker: Crashtracker disabled due to settings.
[2017.05.08-14.06.58:323][  0]LogUObjectGlobals:Warning: Failed to find object 'Class None.'
[2017.05.08-14.06.58:409][  0]LogContentBrowser: Native class hierarchy updated for 'HierarchicalLODOutliner' in 0.0005 seconds. Added 1 classes and 2 folders.
[2017.05.08-14.06.58:409][  0]LogLoad: (Engine Initialization) Total time: 56.85 seconds
[2017.05.08-14.06.58:409][  0]LogLoad: (Engine Initialization) Total Blueprint compile time: 0.06 seconds
[2017.05.08-14.06.58:409][  0]LogExternalProfiler: Found external profiler: VSPerf
[2017.05.08-14.06.58:409][  0]LogExternalProfiler: Using external profiler: VSPerf
[2017.05.08-14.06.58:750][  0]LogOcInput: OculusInput pre-init called
[2017.05.08-14.06.58:783][  0]LogContentStreaming: Texture pool size now 1000 MB
[2017.05.08-14.06.58:787][  0]LogSlate: Took 0.000342 seconds to synchronously load lazily loaded font '../../../Engine/Content/Slate/Fonts/Roboto-Regular.ttf' (155K)
[2017.05.08-14.06.58:796][  0]LogSlate: Took 0.000141 seconds to synchronously load lazily loaded font '../../../Engine/Content/Slate/Fonts/Roboto-Bold.ttf' (160K)
[2017.05.08-14.06.58:895][  0]LogSlate: Took 0.000365 seconds to synchronously load lazily loaded font '../../../Engine/Content/Editor/Slate/Fonts/FontAwesome.ttf' (139K)
[2017.05.08-14.07.00:716][  0]LogRenderer: Reallocating scene render targets to support 948x492 NumSamples 1 (Frame:2).
[2017.05.08-14.07.00:725][  0]LogSlate: Took 0.028778 seconds to synchronously load lazily loaded font '../../../Engine/Content/Slate/Fonts/Roboto-Light.ttf' (159K)
[2017.05.08-14.07.02:691][  4]LogAssetRegistry: Asset discovery search completed in 49.0715 seconds
[2017.05.08-14.07.02:691][  4]LogCollectionManager: Rebuilt the object cache for 0 collections in 0.000006 seconds (found 0 objects)
[2017.05.08-14.07.02:691][  4]LogCollectionManager: Fixed up redirectors for 0 collections in 0.000025 seconds (updated 0 objects)
[2017.05.08-14.07.35:304][ 10]LogSlate: Took 0.000136 seconds to synchronously load lazily loaded font '../../../Engine/Content/Slate/Fonts/Roboto-Light.ttf' (159K)
[2017.05.08-14.07.46:268][187]Cmd: OBJ SAVEPACKAGE PACKAGE="/Game/Assets/Textures/BG" FILE="D:/Projects/UE4/Pong/Content/Assets/Textures/BG.uasset" SILENT=true
[2017.05.08-14.07.46:311][187]LogSavePackage: Save=21.08ms
[2017.05.08-14.07.46:311][187]LogSavePackage: Moving 'D:/Projects/UE4/Pong/Saved/BGDB000CDF409234CE14D43DBADB15C764.tmp' to 'D:/Projects/UE4/Pong/Content/Assets/Textures/BG.uasset'
[2017.05.08-14.07.46:312][187]LogSavePackage:Display: Finished SavePackage D:/Projects/UE4/Pong/Content/Assets/Textures/BG.uasset
