Log file open, 12/10/22 09:43:23
LogInit:Display: Running engine for game: Pong
LogPlatformFile: Not using cached read wrapper
LogInit:Display: RandInit(-1330718414) SRandInit(-1330718414).
LogTaskGraph: Started task graph with 5 named threads and 8 total threads with 1 sets of task threads.
LogStats: Stats thread started at 0.096553
LogInit: Using libcurl 7.47.1
LogInit:  - built for x86_64-pc-win32
LogInit:  - supports SSL with OpenSSL/1.0.2g
LogInit:  - supports HTTP deflate (compression) using libz 1.2.8
LogInit:  - other features:
LogInit:      CURL_VERSION_SSL
LogInit:      CURL_VERSION_LIBZ
LogInit:      CURL_VERSION_IPV6
LogInit:      CURL_VERSION_ASYNCHDNS
LogInit:      CURL_VERSION_LARGEFILE
LogInit:      CURL_VERSION_IDN
LogInit:  CurlRequestOptions (configurable via config and command line):
LogInit:  - bVerifyPeer = false  - Libcurl will NOT verify peer certificate
LogInit:  - bUseHttpProxy = false  - Libcurl will NOT use HTTP proxy
LogInit:  - bDontReuseConnections = false  - Libcurl will reuse connections
LogInit:  - CertBundlePath = nullptr  - Libcurl will use whatever was configured at build time.
LogInit: Build: ++UE4+Release-4.15-CL-3450819
LogInit: Engine Version: 4.15.3-3450819+++UE4+Release-4.15
LogInit: Compatible Engine Version: 4.15.0-3299760+++UE4+Release-4.15
LogInit: Net CL: 3299760
LogDevObjectVersion: Number of dev versions registered: 14
LogDevObjectVersion:   Dev-Blueprints (B0D832E4-1F89-4F0D-ACCF-7EB736FD4AA2): 8
LogDevObjectVersion:   Dev-Build (E1C64328-A22C-4D53-A36C-8E866417BD8C): 0
LogDevObjectVersion:   Dev-Core (375EC13C-06E4-48FB-B500-84F0262A717E): 2
LogDevObjectVersion:   Dev-Editor (E4B068ED-F494-42E9-A231-DA0B2E46BB41): 14
LogDevObjectVersion:   Dev-Framework (CFFC743F-43B0-4480-9391-14DF171D2073): 22
LogDevObjectVersion:   Dev-Mobile (B02B49B5-BB20-44E9-A304-32B752E40360): 0
LogDevObjectVersion:   Dev-Networking (A4E4105C-59A1-49B5-A7C5-40C4547EDFEE): 0
LogDevObjectVersion:   Dev-Online (39C831C9-5AE6-47DC-9A44-9C173E1C8E7C): 0
LogDevObjectVersion:   Dev-Physics (78F01B33-EBEA-4F98-B9B4-84EACCB95AA2): 0
LogDevObjectVersion:   Dev-Platform (6631380F-2D4D-43E0-8009-CF276956A95A): 0
LogDevObjectVersion:   Dev-Rendering (12F88B9F-8875-4AFC-A67C-D90C383ABD29): 12
LogDevObjectVersion:   Dev-Sequencer (7B5AE74C-D270-4C10-A958-57980B212A5A): 3
LogDevObjectVersion:   Dev-VR (D7296918-1DD6-4BDD-9DE2-64A83CC13884): 0
LogDevObjectVersion:   Dev-LoadTimes (C2A15278-BFE7-4AFE-6C17-90FF531DF755): 1
LogInit: Compiled (64-bit): May 21 2017 11:02:34
LogInit: Compiled with Visual C++: 19.00.23026.00
LogInit: Build Configuration: Development
LogInit: Branch Name: ++UE4+Release-4.15
LogInit: Command line: -EpicPortal  -epicusername="BeeIsland" -epicuserid=2a5cfff157f944ab83d44c343ae865ee -epiclocale=en -epicsandboxid=ue
LogInit: Base directory: C:/Program Files/Epic Games/UE_4.15/Engine/Binaries/Win64/
LogInit: Installed Engine Build: 1
LogInit: Presizing for max 8388607 objects, including 0 objects not considered by GC, pre-allocating 0 bytes for permanent pool.
LogInit: Object subsystem initialized
[2022.12.10-17.43.24:125][  0]LogInit: Selected Device Profile: [Windows]
[2022.12.10-17.43.24:125][  0]LogInit: Applying CVar settings loaded from the selected device profile: [Windows]
[2022.12.10-17.43.24:132][  0]LogInit: Computer: CSL2
[2022.12.10-17.43.24:132][  0]LogInit: User: camer
[2022.12.10-17.43.24:132][  0]LogInit: CPU Page size=65536, Cores=4
[2022.12.10-17.43.24:132][  0]LogInit: High frequency timer resolution =10.000000 MHz
[2022.12.10-17.43.24:132][  0]LogMemory: Memory total: Physical=15.7GB (16GB approx)
[2022.12.10-17.43.24:132][  0]LogMemory: Platform Memory Stats for Windows
[2022.12.10-17.43.24:132][  0]LogMemory: Process Physical Memory: 264.15 MB used, 264.16 MB peak
[2022.12.10-17.43.24:132][  0]LogMemory: Process Virtual Memory: 262.60 MB used, 262.60 MB peak
[2022.12.10-17.43.24:132][  0]LogMemory: Physical Memory: 8173.39 MB used,  7944.99 MB free, 16118.38 MB total
[2022.12.10-17.43.24:132][  0]LogMemory: Virtual Memory: 4764.66 MB used,  7944.99 MB free, 134217728.00 MB total
[2022.12.10-17.43.24:213][  0]LogTextLocalizationManager: No specific translations for ('en-US') exist, so ('en') translations will be used.
[2022.12.10-17.43.24:677][  0]LogD3D11RHI: D3D11 adapters:
[2022.12.10-17.43.24:769][  0]LogD3D11RHI:    0. 'Intel(R) Iris(R) Xe Graphics' (Feature Level 11_0)
[2022.12.10-17.43.24:769][  0]LogD3D11RHI:       128/0/8059 MB DedicatedVideo/DedicatedSystem/SharedSystem, Outputs:1, VendorId:0x8086
[2022.12.10-17.43.24:771][  0]LogD3D11RHI:    1. 'Microsoft Basic Render Driver' (Feature Level 11_0)
[2022.12.10-17.43.24:771][  0]LogD3D11RHI:       0/0/8059 MB DedicatedVideo/DedicatedSystem/SharedSystem, Outputs:0, VendorId:0x1414
[2022.12.10-17.43.24:771][  0]LogD3D11RHI: Chosen D3D11 Adapter: 0
[2022.12.10-17.43.24:775][  0]LogD3D11RHI: Creating new Direct3DDevice
[2022.12.10-17.43.24:776][  0]LogD3D11RHI:     GPU DeviceId: 0x9a49 (for the marketing name, search the web for "GPU Device Id")
[2022.12.10-17.43.24:776][  0]LogWindows: EnumDisplayDevices:
[2022.12.10-17.43.24:776][  0]LogWindows:    0. 'Intel(R) Iris(R) Xe Graphics' (P:1 D:1)
[2022.12.10-17.43.24:776][  0]LogWindows:    1. 'Intel(R) Iris(R) Xe Graphics' (P:0 D:0)
[2022.12.10-17.43.24:776][  0]LogWindows:    2. 'Intel(R) Iris(R) Xe Graphics' (P:0 D:0)
[2022.12.10-17.43.24:776][  0]LogWindows:    3. 'Intel(R) Iris(R) Xe Graphics' (P:0 D:0)
[2022.12.10-17.43.24:776][  0]LogWindows: DebugString: GetVideoDriverDetailsInvalid PrimaryIsNotTheChoosenAdapter GetVideoDriverDetailsInvalid PrimaryIsNotTheChoosenAdapter GetVideoDriverDetailsInvalid PrimaryIsNotTheChoosenAdapter GetVideoDriverDetailsInvalid PrimaryIsNotTheChoosenAdapter FoundDriverCount:0 
[2022.12.10-17.43.24:776][  0]LogD3D11RHI:     Adapter Name: Intel(R) Iris(R) Xe Graphics
[2022.12.10-17.43.24:776][  0]LogD3D11RHI:   Driver Version: Unknown (internal:Unknown, unified:Unknown)
[2022.12.10-17.43.24:776][  0]LogD3D11RHI:      Driver Date: Unknown
[2022.12.10-17.43.24:776][  0]LogRHI: Texture pool is 1361 MB (70% of 1945 MB)
[2022.12.10-17.43.24:849][  0]LogD3D11RHI: Async texture creation enabled
[2022.12.10-17.43.24:861][  0]LogD3D11RHI: GPU Timing Frequency: 19.200000 (Debug: 2 0)
[2022.12.10-17.43.24:862][  0]LogShaderCompilers: Guid format shader working directory is -41 characters bigger than the processId version (../../../../../../Users/camer/Desktop/Cplusplus_Unreal/Unreal/UnrealBPCPint/02/EX/Pong/Intermediate/Shaders/WorkingDirectory/14452/).
[2022.12.10-17.43.24:862][  0]LogShaderCompilers: Cleaned the shader compiler working directory 'C:/Users/camer/AppData/Local/Temp/UnrealShaderWorkingDir/0959F8CE4EC7D9E6A117DC92CC249D1F/'.
[2022.12.10-17.43.24:862][  0]LogShaderCompilers:Display: Using Local Shader Compiler.
[2022.12.10-17.43.25:606][  0]LogTemp:Display: Loaded TP AllDesktopTargetPlatform
[2022.12.10-17.43.25:655][  0]LogTemp:Display: Loaded TP MacClientTargetPlatform
[2022.12.10-17.43.25:702][  0]LogTemp:Display: Loaded TP MacNoEditorTargetPlatform
[2022.12.10-17.43.25:751][  0]LogTemp:Display: Loaded TP MacServerTargetPlatform
[2022.12.10-17.43.25:804][  0]LogTemp:Display: Loaded TP MacTargetPlatform
[2022.12.10-17.43.25:851][  0]LogTemp:Display: Loaded TP WindowsClientTargetPlatform
[2022.12.10-17.43.25:898][  0]LogTemp:Display: Loaded TP WindowsNoEditorTargetPlatform
[2022.12.10-17.43.25:945][  0]LogTemp:Display: Loaded TP WindowsServerTargetPlatform
[2022.12.10-17.43.25:984][  0]LogTemp:Display: Loaded TP WindowsTargetPlatform
[2022.12.10-17.43.26:030][  0]LogTemp:Display: Loaded TP AndroidTargetPlatform
[2022.12.10-17.43.26:079][  0]LogTemp:Display: Loaded TP Android_ASTCTargetPlatform
[2022.12.10-17.43.26:128][  0]LogTemp:Display: Loaded TP Android_ATCTargetPlatform
[2022.12.10-17.43.26:174][  0]LogTemp:Display: Loaded TP Android_DXTTargetPlatform
[2022.12.10-17.43.26:221][  0]LogTemp:Display: Loaded TP Android_ETC1TargetPlatform
[2022.12.10-17.43.26:267][  0]LogTemp:Display: Loaded TP Android_ETC2TargetPlatform
[2022.12.10-17.43.26:363][  0]LogTemp:Display: Loaded TP Android_MultiTargetPlatform
[2022.12.10-17.43.26:363][  0]LogTemp:Display: Loaded TP Android_PVRTCTargetPlatform
[2022.12.10-17.43.26:400][  0]LogTemp:Display: Loaded TP HTML5TargetPlatform
[2022.12.10-17.43.26:490][  0]LogTemp:Display: Loaded TP IOSTargetPlatform
[2022.12.10-17.43.26:521][  0]LogTemp:Display: Loaded TP TVOSTargetPlatform
[2022.12.10-17.43.26:568][  0]LogTemp:Display: Loaded TP LinuxClientTargetPlatform
[2022.12.10-17.43.26:614][  0]LogTemp:Display: Loaded TP LinuxNoEditorTargetPlatform
[2022.12.10-17.43.26:661][  0]LogTemp:Display: Loaded TP LinuxServerTargetPlatform
[2022.12.10-17.43.26:710][  0]LogTemp:Display: Loaded TP LinuxTargetPlatform
[2022.12.10-17.43.26:710][  0]LogTargetPlatformManager:Display: Building Assets For Windows
[2022.12.10-17.43.27:152][  0]LogDerivedDataCache:Display: Max Cache Size: 512 MB
[2022.12.10-17.43.27:182][  0]LogDerivedDataCache: Loaded boot cache 0.03s 50MB C:/Users/camer/AppData/Local/UnrealEngine/4.15/DerivedDataCache/Boot.ddc.
[2022.12.10-17.43.27:182][  0]LogDerivedDataCache:Display: Loaded Boot cache: C:/Users/camer/AppData/Local/UnrealEngine/4.15/DerivedDataCache/Boot.ddc
[2022.12.10-17.43.27:182][  0]LogDerivedDataCache: FDerivedDataBackendGraph:  Pak pak cache file ../../../../../../Users/camer/Desktop/Cplusplus_Unreal/Unreal/UnrealBPCPint/02/EX/Pong/DerivedDataCache/DDC.ddp not found, will not use a pak cache.
[2022.12.10-17.43.27:182][  0]LogDerivedDataCache: Unable to find inner node Pak for hierarchical cache Hierarchy.
[2022.12.10-17.43.27:182][  0]LogDerivedDataCache: FDerivedDataBackendGraph:  CompressedPak pak cache file ../../../../../../Users/camer/Desktop/Cplusplus_Unreal/Unreal/UnrealBPCPint/02/EX/Pong/DerivedDataCache/Compressed.ddp not found, will not use a pak cache.
[2022.12.10-17.43.27:182][  0]LogDerivedDataCache: Unable to find inner node CompressedPak for hierarchical cache Hierarchy.
[2022.12.10-17.43.27:194][  0]LogDerivedDataCache:Display: Pak cache opened for reading ../../../Engine/DerivedDataCache/Compressed.ddp.
[2022.12.10-17.43.27:206][  0]LogDerivedDataCache: Using Local data cache path C:/Users/camer/AppData/Local/UnrealEngine/Common/DerivedDataCache: Writable
[2022.12.10-17.43.27:212][  0]LogSlate: Using Freetype 2.6.0
[2022.12.10-17.43.27:212][  0]LogSlate: SlateFontCache - WITH_FREETYPE: 1, WITH_HARFBUZZ: 1
[2022.12.10-17.43.27:212][  0]LogSlate: SlateFontCache - WITH_FREETYPE: 1, WITH_HARFBUZZ: 1
[2022.12.10-17.43.27:409][  0]LogInit: Selected Device Profile: [Windows]
[2022.12.10-17.43.27:412][  0]LogContentStreaming: Texture pool size is 0.00 MB
[2022.12.10-17.43.27:582][  0]LogMeshUtilities: Using QuadricMeshReduction for automatic static mesh reduction
[2022.12.10-17.43.27:623][  0]LogSimplygon: Simplygon DLL not present - disabling.
[2022.12.10-17.43.27:664][  0]LogMeshUtilities: Using SimplygonSwarm for distributed automatic mesh merging
[2022.12.10-17.43.27:664][  0]LogMeshUtilities: No automatic skeletal mesh reduction module available
[2022.12.10-17.43.27:664][  0]LogMeshUtilities: No automatic mesh merging module available
[2022.12.10-17.43.28:072][  0]LogNetVersion: GetLocalNetworkVersion: CL: 3299760, ProjectName: pong, ProjectVersion: , EngineNetworkVersion: 2, GameNetworkVersion: 0, NetworkChecksum: 207199129
[2022.12.10-17.43.28:117][  0]LogAssetRegistry: FAssetRegistry took 0.0223 seconds to start up
[2022.12.10-17.43.28:162][  0]LogPackageLocalizationCache: Processed 3 localized package path(s) for 2 prioritized culture(s) in 0.018861 seconds
[2022.12.10-17.43.28:165][  0]LogUObjectArray: 32493 objects as part of root set at end of initial load.
[2022.12.10-17.43.28:165][  0]LogUObjectAllocator: 7077024 out of 0 bytes used by permanent object pool.
[2022.12.10-17.43.28:165][  0]LogUObjectArray: CloseDisregardForGC: 0/0 objects in disregard for GC pool
[2022.12.10-17.43.28:236][  0]LogInit: WinSock: version 1.1 (2.2), MaxSocks=32767, MaxUdp=65467
[2022.12.10-17.43.29:770][  0]LogTcpMessaging: Initializing TcpMessaging bridge
[2022.12.10-17.43.29:808][  0]LogUdpMessaging: Initializing bridge on interface 0.0.0.0:0 to multicast group 230.0.0.1:6666.
[2022.12.10-17.43.30:225][  0]LogMaterial: Uniform references updated for custom material expression Custom.
[2022.12.10-17.43.30:552][  0]SourceControl: Info Source control is disabled
[2022.12.10-17.43.30:579][  0]SourceControl: Info Source control is disabled
[2022.12.10-17.43.30:623][  0]SourceControl: Info Source control is disabled
[2022.12.10-17.43.30:669][  0]SourceControl: Info Source control is disabled
[2022.12.10-17.43.31:815][  0]LogEngine: Initializing Engine...
[2022.12.10-17.43.31:816][  0]LogHMD: Failed to initialize OpenVR with code 110
[2022.12.10-17.43.31:877][  0]LogStats: UGameplayTagsManager::ConstructGameplayTagTree: Construct from data asset -  0.000 s
[2022.12.10-17.43.31:878][  0]LogStats: UGameplayTagsManager::ConstructGameplayTagTree: GameplayTagTreeChangedEvent.Broadcast -  0.000 s
[2022.12.10-17.43.31:990][  0]LogAIModule: Creating AISystem for world Untitled
[2022.12.10-17.43.32:000][  0]LogInit: XAudio2 using 'Headphones (Realtek(R) Audio)' : 2 channels at 48 kHz using 32 bits per sample (channel mask 0x3)
[2022.12.10-17.43.32:379][  0]LogInit: FAudioDevice initialized.
[2022.12.10-17.43.32:395][  0]LogDerivedDataCache: Saved boot cache 0.02s 50MB C:/Users/camer/AppData/Local/UnrealEngine/4.15/DerivedDataCache/Boot.ddc.
[2022.12.10-17.43.32:399][  0]LogInit: Texture streaming: Enabled
[2022.12.10-17.43.32:498][  0]LogEngineSessionManager: EngineSessionManager initialized
[2022.12.10-17.43.32:587][  0]LogInit: Transaction tracking system initialized
[2022.12.10-17.43.32:912][  0]BlueprintLog: New page: Editor Load
[2022.12.10-17.43.33:805][  0]LocalizationService: Info Localization service is disabled
[2022.12.10-17.43.34:430][  0]LogConsoleResponse:Display: 
[2022.12.10-17.43.34:528][  0]LogCook:Display: Max memory allowance for cook 16384mb min free memory 0mb
[2022.12.10-17.43.34:528][  0]LogCook:Display: Mobile HDR setting 1
[2022.12.10-17.43.34:974][  0]LogFileCache: Scanning file cache for directory 'C:/Users/camer/Desktop/Cplusplus_Unreal/Unreal/UnrealBPCPint/02/EX/Pong/Content/' took 0.01s
[2022.12.10-17.43.35:459][  0]SourceControl: Info Source control is disabled
[2022.12.10-17.43.35:459][  0]Cmd: MAP LOAD FILE="../../../../../../Users/camer/Desktop/Cplusplus_Unreal/Unreal/UnrealBPCPint/02/EX/Pong/Content/Maps/Main.umap" TEMPLATE=0 SHOWPROGRESS=1 FEATURELEVEL=3
[2022.12.10-17.43.35:464][  0]LightingResults: New page: Lighting Build
[2022.12.10-17.43.35:501][  0]MapCheck: New page: Map Check
[2022.12.10-17.43.35:501][  0]LightingResults: New page: Lighting Build
[2022.12.10-17.43.35:548][  0]LogTexture:Display: Building textures: BG (BGRA8, 2400X1350) - 45 MB total VRAM
[2022.12.10-17.43.35:712][  0]LogAIModule: Creating AISystem for world Main
[2022.12.10-17.43.35:731][  0]LogEditorServer: Finished looking for orphan Actors (0.000 secs)
[2022.12.10-17.43.35:732][  0]Cmd: MAP CHECKDEP NOCLEARLOG
[2022.12.10-17.43.35:757][  0]MapCheck: Info Map check complete: 0 Error(s), 0 Warning(s), took 24.797ms to complete.
[2022.12.10-17.43.35:757][  0]LogFileHelpers: Loading map 'Main' took 0.298
[2022.12.10-17.43.35:961][  0]LogCollectionManager: Loaded 0 collections in 0.000977 seconds
[2022.12.10-17.43.36:054][  0]LogFileCache: Scanning file cache for directory 'C:/Users/camer/Desktop/Cplusplus_Unreal/Unreal/UnrealBPCPint/02/EX/Pong/Saved/Collections/' took 0.01s
[2022.12.10-17.43.36:054][  0]LogFileCache: Scanning file cache for directory 'C:/Users/camer/Desktop/Cplusplus_Unreal/Unreal/UnrealBPCPint/02/EX/Pong/Content/Developers/camer/Collections/' took 0.01s
[2022.12.10-17.43.36:054][  0]LogFileCache: Scanning file cache for directory 'C:/Users/camer/Desktop/Cplusplus_Unreal/Unreal/UnrealBPCPint/02/EX/Pong/Content/Collections/' took 0.01s
[2022.12.10-17.43.36:054][  0]LogCollectionManager: Rebuilt the GUID cache for 0 collections in 0.000002 seconds
[2022.12.10-17.43.36:062][  0]LogContentBrowser: Native class hierarchy populated in 0.0067 seconds. Added 2245 classes and 453 folders.
[2022.12.10-17.43.36:127][  0]LogContentBrowser: Native class hierarchy updated for 'WidgetCarousel' in 0.0004 seconds. Added 0 classes and 0 folders.
[2022.12.10-17.43.36:168][  0]LogContentBrowser: Native class hierarchy updated for 'AddContentDialog' in 0.0003 seconds. Added 0 classes and 0 folders.
[2022.12.10-17.43.36:214][  0]LogContentBrowser: Native class hierarchy updated for 'SceneOutliner' in 0.0004 seconds. Added 1 classes and 2 folders.
[2022.12.10-17.43.36:284][  0]LogCrashTracker: Crashtracker disabled due to settings.
[2022.12.10-17.43.36:377][  0]LogContentBrowser: Native class hierarchy updated for 'HierarchicalLODOutliner' in 0.0004 seconds. Added 1 classes and 2 folders.
[2022.12.10-17.43.36:377][  0]LogLoad: (Engine Initialization) Total time: 13.63 seconds
[2022.12.10-17.43.36:377][  0]LogLoad: (Engine Initialization) Total Blueprint compile time: 0.04 seconds
[2022.12.10-17.43.36:377][  0]LogExternalProfiler: No external profilers were discovered.  External profiling features will not be available.
[2022.12.10-17.43.36:395][  0]LogOcInput: OculusInput pre-init called
[2022.12.10-17.43.36:408][  0]LogAssetRegistry: Asset discovery search completed in 8.3126 seconds
[2022.12.10-17.43.36:408][  0]LogCollectionManager: Rebuilt the object cache for 0 collections in 0.000003 seconds (found 0 objects)
[2022.12.10-17.43.36:408][  0]LogCollectionManager: Fixed up redirectors for 0 collections in 0.000012 seconds (updated 0 objects)
[2022.12.10-17.43.36:415][  0]LogContentStreaming: Texture pool size now 1000 MB
[2022.12.10-17.43.36:421][  0]LogSlate: Took 0.000176 seconds to synchronously load lazily loaded font '../../../Engine/Content/Slate/Fonts/Roboto-Regular.ttf' (155K)
[2022.12.10-17.43.36:423][  0]LogSlate: Took 0.000149 seconds to synchronously load lazily loaded font '../../../Engine/Content/Slate/Fonts/Roboto-Bold.ttf' (160K)
[2022.12.10-17.43.36:432][  0]LogSlate: Took 0.005660 seconds to synchronously load lazily loaded font '../../../Engine/Content/Editor/Slate/Fonts/FontAwesome.ttf' (139K)
[2022.12.10-17.43.36:535][  0]LogSlate: Took 0.004423 seconds to synchronously load lazily loaded font '../../../Engine/Content/Slate/Fonts/Roboto-Light.ttf' (159K)
[2022.12.10-17.43.36:554][  0]LogRenderer: Reallocating scene render targets to support 964x436 NumSamples 1 (Frame:2).
[2022.12.10-17.43.51:742][895]LogSlate: Took 0.000104 seconds to synchronously load lazily loaded font '../../../Engine/Content/Slate/Fonts/Roboto-Light.ttf' (159K)
[2022.12.10-17.43.51:776][895]LogSlate: Took 0.005200 seconds to synchronously load lazily loaded font '../../../Engine/Content/Editor/Slate/Fonts/Roboto-BoldCondensed.ttf' (158K)
[2022.12.10-17.49.53:395][209]Cmd: QUIT_EDITOR
[2022.12.10-17.49.53:435][209]LogWindowsTextInputMethodSystem:Display: IME system now deactivated.
[2022.12.10-17.49.53:451][209]LogExit: Preparing to exit.
[2022.12.10-17.49.54:113][209]LogDirectoryWatcher: A directory notification for 'C:/Users/camer/Desktop/Cplusplus_Unreal/Unreal/UnrealBPCPint/02/EX/Pong/Content/' was aborted.
[2022.12.10-17.49.54:121][209]LogExit: Editor shut down
[2022.12.10-17.49.54:122][209]LogExit: Transaction tracking system shut down
[2022.12.10-17.49.54:153][209]LogObj: Freed 0b from 0 cluster array pools.
[2022.12.10-17.49.54:153][209]LogExit: Object subsystem successfully closed.
[2022.12.10-17.49.54:170][209]LogD3D11RHI: Shutdown
[2022.12.10-17.49.54:170][209]LogD3D11RHI: CleanupD3DDevice
[2022.12.10-17.49.54:228][209]LogD3D11RHI: ~FD3D11DynamicRHI
[2022.12.10-17.49.54:242][209]LogModuleManager: Shutting down and abandoning module HierarchicalLODOutliner (498)
[2022.12.10-17.49.54:242][209]LogModuleManager: Shutting down and abandoning module CrashTracker (496)
[2022.12.10-17.49.54:242][209]LogModuleManager: Shutting down and abandoning module SceneOutliner (494)
[2022.12.10-17.49.54:242][209]LogModuleManager: Shutting down and abandoning module AddContentDialog (492)
[2022.12.10-17.49.54:243][209]LogDirectoryWatcher: A directory notification for 'C:/Program Files/Epic Games/UE_4.15/FeaturePacks/' was aborted.
[2022.12.10-17.49.54:244][209]LogModuleManager: Shutting down and abandoning module WidgetCarousel (491)
[2022.12.10-17.49.54:244][209]LogModuleManager: Shutting down and abandoning module EditorWidgets (488)
[2022.12.10-17.49.54:244][209]LogModuleManager: Shutting down and abandoning module CollectionManager (486)
[2022.12.10-17.49.54:244][209]LogDirectoryWatcher: A directory notification for 'C:/Users/camer/Desktop/Cplusplus_Unreal/Unreal/UnrealBPCPint/02/EX/Pong/Content/Collections/' was aborted.
[2022.12.10-17.49.54:244][209]LogDirectoryWatcher: A directory notification for 'C:/Users/camer/Desktop/Cplusplus_Unreal/Unreal/UnrealBPCPint/02/EX/Pong/Content/Developers/camer/Collections/' was aborted.
[2022.12.10-17.49.54:244][209]LogDirectoryWatcher: A directory notification for 'C:/Users/camer/Desktop/Cplusplus_Unreal/Unreal/UnrealBPCPint/02/EX/Pong/Saved/Collections/' was aborted.
[2022.12.10-17.49.54:244][209]LogModuleManager: Shutting down and abandoning module StatsViewer (484)
[2022.12.10-17.49.54:244][209]LogModuleManager: Shutting down and abandoning module FoliageEdit (482)
[2022.12.10-17.49.54:244][209]LogModuleManager: Shutting down and abandoning module LandscapeEditor (480)
[2022.12.10-17.49.54:244][209]LogModuleManager: Shutting down and abandoning module SceneDepthPickerMode (478)
[2022.12.10-17.49.54:244][209]LogModuleManager: Shutting down and abandoning module ActorPickerMode (476)
[2022.12.10-17.49.54:244][209]LogModuleManager: Shutting down and abandoning module GeometryMode (474)
[2022.12.10-17.49.54:244][209]LogModuleManager: Shutting down and abandoning module TextureAlignMode (472)
[2022.12.10-17.49.54:244][209]LogModuleManager: Shutting down and abandoning module BspMode (470)
[2022.12.10-17.49.54:244][209]LogModuleManager: Shutting down and abandoning module HardwareSurvey (468)
[2022.12.10-17.49.54:244][209]LogModuleManager: Shutting down and abandoning module SequenceRecorderSections (466)
[2022.12.10-17.49.54:244][209]LogModuleManager: Shutting down and abandoning module AutomationWorker (464)
[2022.12.10-17.49.54:244][209]LogModuleManager: Shutting down and abandoning module MatineeToLevelSequence (462)
[2022.12.10-17.49.54:244][209]LogModuleManager: Shutting down and abandoning module LevelSequenceEditor (460)
[2022.12.10-17.49.54:244][209]LogModuleManager: Shutting down and abandoning module PlacementMode (459)
[2022.12.10-17.49.54:245][209]LogModuleManager: Shutting down and abandoning module WmfMediaFactory (456)
[2022.12.10-17.49.54:245][209]LogModuleManager: Shutting down and abandoning module WmfMediaEditor (454)
[2022.12.10-17.49.54:245][209]LogModuleManager: Shutting down and abandoning module MfMediaFactory (452)
[2022.12.10-17.49.54:245][209]LogModuleManager: Shutting down and abandoning module MfMediaEditor (450)
[2022.12.10-17.49.54:245][209]LogModuleManager: Shutting down and abandoning module AvfMediaFactory (448)
[2022.12.10-17.49.54:245][209]LogModuleManager: Shutting down and abandoning module AvfMediaEditor (446)
[2022.12.10-17.49.54:245][209]LogModuleManager: Shutting down and abandoning module AndroidMediaFactory (444)
[2022.12.10-17.49.54:245][209]LogModuleManager: Shutting down and abandoning module Media (443)
[2022.12.10-17.49.54:245][209]LogModuleManager: Shutting down and abandoning module AndroidMediaEditor (440)
[2022.12.10-17.49.54:245][209]LogModuleManager: Shutting down and abandoning module CharacterAI (438)
[2022.12.10-17.49.54:245][209]LogModuleManager: Shutting down and abandoning module AudioCapture (436)
[2022.12.10-17.49.54:245][209]LogModuleManager: Shutting down and abandoning module SequenceRecorder (435)
[2022.12.10-17.49.54:245][209]LogModuleManager: Shutting down and abandoning module SmartSnapping (432)
[2022.12.10-17.49.54:245][209]LogModuleManager: Shutting down and abandoning module SessionServices (430)
[2022.12.10-17.49.54:245][209]LogModuleManager: Shutting down and abandoning module ViewportSnapping (428)
[2022.12.10-17.49.54:245][209]LogModuleManager: Shutting down and abandoning module ViewportInteraction (426)
[2022.12.10-17.49.54:245][209]LogModuleManager: Shutting down and abandoning module LogVisualizer (424)
[2022.12.10-17.49.54:245][209]LogModuleManager: Shutting down and abandoning module IntroTutorials (422)
[2022.12.10-17.49.54:245][209]LogModuleManager: Shutting down and abandoning module GameProjectGeneration (421)
[2022.12.10-17.49.54:245][209]LogModuleManager: Shutting down and abandoning module EditorLiveStreaming (418)
[2022.12.10-17.49.54:245][209]LogModuleManager: Shutting down and abandoning module IOSPlatformEditor (416)
[2022.12.10-17.49.54:245][209]LogModuleManager: Shutting down and abandoning module HTML5PlatformEditor (414)
[2022.12.10-17.49.54:245][209]LogModuleManager: Shutting down and abandoning module AndroidPlatformEditor (412)
[2022.12.10-17.49.54:245][209]LogModuleManager: Shutting down and abandoning module AndroidDeviceDetection (411)
[2022.12.10-17.49.54:348][209]LogModuleManager: Shutting down and abandoning module IOSRuntimeSettings (408)
[2022.12.10-17.49.54:348][209]LogModuleManager: Shutting down and abandoning module AndroidRuntimeSettings (406)
[2022.12.10-17.49.54:348][209]LogModuleManager: Shutting down and abandoning module InputBindingEditor (404)
[2022.12.10-17.49.54:348][209]LogModuleManager: Shutting down and abandoning module NiagaraEditor (402)
[2022.12.10-17.49.54:348][209]LogModuleManager: Shutting down and abandoning module MergeActors (400)
[2022.12.10-17.49.54:348][209]LogModuleManager: Shutting down and abandoning module SizeMap (398)
[2022.12.10-17.49.54:348][209]LogModuleManager: Shutting down and abandoning module TreeMap (396)
[2022.12.10-17.49.54:348][209]LogModuleManager: Shutting down and abandoning module ReferenceViewer (394)
[2022.12.10-17.49.54:348][209]LogModuleManager: Shutting down and abandoning module LocalizationDashboard (392)
[2022.12.10-17.49.54:348][209]LogModuleManager: Shutting down and abandoning module LocalizationService (391)
[2022.12.10-17.49.54:348][209]LogModuleManager: Shutting down and abandoning module HardwareTargeting (388)
[2022.12.10-17.49.54:348][209]LogModuleManager: Shutting down and abandoning module DeviceProfileEditor (386)
[2022.12.10-17.49.54:348][209]LogModuleManager: Shutting down and abandoning module UndoHistory (384)
[2022.12.10-17.49.54:348][209]LogModuleManager: Shutting down and abandoning module UserFeedback (382)
[2022.12.10-17.49.54:348][209]LogModuleManager: Shutting down and abandoning module XmlParser (380)
[2022.12.10-17.49.54:348][209]LogModuleManager: Shutting down and abandoning module Blutility (378)
[2022.12.10-17.49.54:348][209]LogModuleManager: Shutting down and abandoning module ProjectSettingsViewer (376)
[2022.12.10-17.49.54:348][209]LogModuleManager: Shutting down and abandoning module ProjectTargetPlatformEditor (375)
[2022.12.10-17.49.54:348][209]LogModuleManager: Shutting down and abandoning module EditorSettingsViewer (372)
[2022.12.10-17.49.54:348][209]LogModuleManager: Shutting down and abandoning module SettingsEditor (370)
[2022.12.10-17.49.54:348][209]LogModuleManager: Shutting down and abandoning module ProjectLauncher (368)
[2022.12.10-17.49.54:348][209]LogModuleManager: Shutting down and abandoning module SessionFrontend (366)
[2022.12.10-17.49.54:348][209]LogModuleManager: Shutting down and abandoning module ProfilerClient (364)
[2022.12.10-17.49.54:348][209]LogModuleManager: Shutting down and abandoning module DeviceManager (362)
[2022.12.10-17.49.54:348][209]LogModuleManager: Shutting down and abandoning module TargetDeviceServices (361)
[2022.12.10-17.49.54:380][209]LogModuleManager: Shutting down and abandoning module AutomationController (358)
[2022.12.10-17.49.54:380][209]LogModuleManager: Shutting down and abandoning module AutomationWindow (356)
[2022.12.10-17.49.54:380][209]LogModuleManager: Shutting down and abandoning module Layers (354)
[2022.12.10-17.49.54:381][209]LogModuleManager: Shutting down and abandoning module ComponentVisualizers (352)
[2022.12.10-17.49.54:381][209]LogModuleManager: Shutting down and abandoning module DetailCustomizations (350)
[2022.12.10-17.49.54:381][209]LogModuleManager: Shutting down and abandoning module PackagesDialog (348)
[2022.12.10-17.49.54:381][209]LogModuleManager: Shutting down and abandoning module Persona (346)
[2022.12.10-17.49.54:381][209]LogModuleManager: Shutting down and abandoning module AnimGraph (345)
[2022.12.10-17.49.54:381][209]LogModuleManager: Shutting down and abandoning module Kismet (342)
[2022.12.10-17.49.54:381][209]LogModuleManager: Shutting down and abandoning module GraphEditor (340)
[2022.12.10-17.49.54:382][209]LogModuleManager: Shutting down and abandoning module ClassViewer (338)
[2022.12.10-17.49.54:383][209]LogModuleManager: Shutting down and abandoning module Toolbox (336)
[2022.12.10-17.49.54:383][209]LogModuleManager: Shutting down and abandoning module ModuleUI (334)
[2022.12.10-17.49.54:383][209]LogModuleManager: Shutting down and abandoning module MovieSceneTools (332)
[2022.12.10-17.49.54:383][209]LogModuleManager: Shutting down and abandoning module OutputLog (330)
[2022.12.10-17.49.54:383][209]LogModuleManager: Shutting down and abandoning module GammaUI (328)
[2022.12.10-17.49.54:383][209]LogModuleManager: Shutting down and abandoning module Documentation (326)
[2022.12.10-17.49.54:383][209]LogModuleManager: Shutting down and abandoning module Niagara (324)
[2022.12.10-17.49.54:383][209]LogModuleManager: Shutting down and abandoning module StreamingPauseRendering (322)
[2022.12.10-17.49.54:383][209]LogModuleManager: Shutting down and abandoning module AnalyticsET (320)
[2022.12.10-17.49.54:383][209]LogModuleManager: Shutting down and abandoning module PortalServices (318)
[2022.12.10-17.49.54:383][209]LogModuleManager: Shutting down and abandoning module PortalRpc (316)
[2022.12.10-17.49.54:383][209]LogModuleManager: Shutting down and abandoning module MessagingRpc (314)
[2022.12.10-17.49.54:383][209]LogModuleManager: Shutting down and abandoning module AIModule (312)
[2022.12.10-17.49.54:383][209]LogModuleManager: Shutting down and abandoning module GameplayDebugger (311)
[2022.12.10-17.49.54:383][209]LogModuleManager: Shutting down and abandoning module AITestSuite (309)
[2022.12.10-17.49.54:383][209]LogModuleManager: Shutting down and abandoning module ProfilerService (306)
[2022.12.10-17.49.54:538][209]LogModuleManager: Shutting down and abandoning module TaskGraph (304)
[2022.12.10-17.49.54:538][209]LogModuleManager: Shutting down and abandoning module SteamVRController (302)
[2022.12.10-17.49.54:538][209]LogModuleManager: Shutting down and abandoning module SteamVR (300)
[2022.12.10-17.49.54:538][209]LogModuleManager: Shutting down and abandoning module ProceduralMeshComponentEditor (298)
[2022.12.10-17.49.54:538][209]LogModuleManager: Shutting down and abandoning module ProceduralMeshComponent (296)
[2022.12.10-17.49.54:538][209]LogModuleManager: Shutting down and abandoning module OculusLibrary (294)
[2022.12.10-17.49.54:538][209]LogModuleManager: Shutting down and abandoning module OculusInput (292)
[2022.12.10-17.49.54:538][209]LogModuleManager: Shutting down and abandoning module MobilePatchingUtils (290)
[2022.12.10-17.49.54:538][209]LogModuleManager: Shutting down and abandoning module CustomMeshComponent (288)
[2022.12.10-17.49.54:538][209]LogModuleManager: Shutting down and abandoning module CableComponent (286)
[2022.12.10-17.49.54:538][209]LogModuleManager: Shutting down and abandoning module ArchVisCharacter (284)
[2022.12.10-17.49.54:538][209]LogModuleManager: Shutting down and abandoning module MediaPlayerEditor (280)
[2022.12.10-17.49.54:538][209]LogModuleManager: Shutting down and abandoning module HTML5Networking (278)
[2022.12.10-17.49.54:538][209]LogModuleManager: Shutting down and abandoning module AlembicImporter (276)
[2022.12.10-17.49.54:538][209]LogModuleManager: Shutting down and abandoning module AlembicLibrary (275)
[2022.12.10-17.49.54:538][209]LogModuleManager: Shutting down and abandoning module GeometryCache (274)
[2022.12.10-17.49.54:538][209]LogModuleManager: Shutting down and abandoning module GeometryCacheEd (273)
[2022.12.10-17.49.54:538][209]LogModuleManager: Shutting down and abandoning module SuperSearchEditor (268)
[2022.12.10-17.49.54:538][209]LogModuleManager: Shutting down and abandoning module SuperSearch (267)
[2022.12.10-17.49.54:538][209]LogModuleManager: Shutting down and abandoning module SpeedTreeImporter (264)
[2022.12.10-17.49.54:538][209]LogModuleManager: Shutting down and abandoning module PluginBrowser (262)
[2022.12.10-17.49.54:538][209]LogModuleManager: Shutting down and abandoning module MobileLauncherProfileWizard (260)
[2022.12.10-17.49.54:538][209]LogModuleManager: Shutting down and abandoning module EpicSurvey (258)
[2022.12.10-17.49.54:538][209]LogModuleManager: Shutting down and abandoning module VisualStudioSourceCodeAccess (256)
[2022.12.10-17.49.54:538][209]LogModuleManager: Shutting down and abandoning module DesktopPlatform (255)
[2022.12.10-17.49.54:538][209]LogModuleManager: Shutting down and abandoning module UObjectPlugin (252)
[2022.12.10-17.49.54:538][209]LogModuleManager: Shutting down and abandoning module SubversionSourceControl (250)
[2022.12.10-17.49.54:538][209]LogModuleManager: Shutting down and abandoning module PerforceSourceControl (248)
[2022.12.10-17.49.54:538][209]LogModuleManager: Shutting down and abandoning module GitSourceControl (246)
[2022.12.10-17.49.54:538][209]LogModuleManager: Shutting down and abandoning module SourceControl (245)
[2022.12.10-17.49.54:539][209]LogModuleManager: Shutting down and abandoning module LightPropagationVolumeEditor (242)
[2022.12.10-17.49.54:539][209]LogModuleManager: Shutting down and abandoning module PaperTiledImporter (240)
[2022.12.10-17.49.54:539][209]LogModuleManager: Shutting down and abandoning module PaperSpriteSheetImporter (238)
[2022.12.10-17.49.54:539][209]LogModuleManager: Shutting down and abandoning module Paper2DEditor (236)
[2022.12.10-17.49.54:539][209]LogModuleManager: Shutting down and abandoning module MeshPaint (235)
[2022.12.10-17.49.54:539][209]LogModuleManager: Shutting down and abandoning module LevelEditor (233)
[2022.12.10-17.49.54:540][209]LogModuleManager: Shutting down and abandoning module PixelInspectorModule (232)
[2022.12.10-17.49.54:540][209]LogModuleManager: Shutting down and abandoning module MainFrame (230)
[2022.12.10-17.49.54:540][209]LogModuleManager: Shutting down and abandoning module HotReload (229)
[2022.12.10-17.49.54:541][209]LogModuleManager: Shutting down and abandoning module ContentBrowser (225)
[2022.12.10-17.49.54:542][209]LogModuleManager: Shutting down and abandoning module PhysXVehiclesEditor (222)
[2022.12.10-17.49.54:542][209]LogModuleManager: Shutting down and abandoning module PhysXVehicles (220)
[2022.12.10-17.49.54:542][209]LogModuleManager: Shutting down and abandoning module LocationServicesBPLibrary (218)
[2022.12.10-17.49.54:542][209]LogModuleManager: Shutting down and abandoning module UdpMessaging (216)
[2022.12.10-17.49.54:643][209]LogModuleManager: Shutting down and abandoning module TcpMessaging (214)
[2022.12.10-17.49.54:993][209]LogModuleManager: Shutting down and abandoning module GameplayTagsEditor (212)
[2022.12.10-17.49.54:993][209]LogModuleManager: Shutting down and abandoning module FacialAnimationEditor (210)
[2022.12.10-17.49.54:993][209]LogModuleManager: Shutting down and abandoning module FacialAnimation (208)
[2022.12.10-17.49.54:993][209]LogModuleManager: Shutting down and abandoning module LightPropagationVolumeRuntime (206)
[2022.12.10-17.49.54:993][209]LogModuleManager: Shutting down and abandoning module Paper2D (204)
[2022.12.10-17.49.54:993][209]LogModuleManager: Shutting down and abandoning module WindowsMoviePlayer (202)
[2022.12.10-17.49.54:993][209]LogModuleManager: Shutting down and abandoning module WmfMedia (200)
[2022.12.10-17.49.54:996][209]LogModuleManager: Shutting down and abandoning module MfMedia (198)
[2022.12.10-17.49.54:996][209]LogModuleManager: Shutting down and abandoning module MediaAssets (196)
[2022.12.10-17.49.54:996][209]LogModuleManager: Shutting down and abandoning module GameLiveStreaming (194)
[2022.12.10-17.49.54:996][209]LogModuleManager: Shutting down and abandoning module VREditor (192)
[2022.12.10-17.49.54:996][209]LogModuleManager: Shutting down and abandoning module GameplayTasksEditor (190)
[2022.12.10-17.49.54:996][209]LogModuleManager: Shutting down and abandoning module BehaviorTreeEditor (188)
[2022.12.10-17.49.54:996][209]LogModuleManager: Shutting down and abandoning module FunctionalTesting (186)
[2022.12.10-17.49.54:996][209]LogModuleManager: Shutting down and abandoning module CollisionAnalyzer (184)
[2022.12.10-17.49.54:996][209]LogModuleManager: Shutting down and abandoning module UMG (182)
[2022.12.10-17.49.54:996][209]LogModuleManager: Shutting down and abandoning module UMGEditor (181)
[2022.12.10-17.49.54:996][209]LogModuleManager: Shutting down and abandoning module Sequencer (180)
[2022.12.10-17.49.54:997][209]LogModuleManager: Shutting down and abandoning module AssetTools (178)
[2022.12.10-17.49.54:997][209]LogModuleManager: Shutting down and abandoning module MessageLog (177)
[2022.12.10-17.49.54:997][209]LogModuleManager: Shutting down and abandoning module WorkspaceMenuStructure (176)
[2022.12.10-17.49.54:997][209]LogModuleManager: Shutting down and abandoning module SlateReflector (170)
[2022.12.10-17.49.54:997][209]LogModuleManager: Shutting down and abandoning module Slate (168)
[2022.12.10-17.49.54:997][209]LogModuleManager: Shutting down and abandoning module EditorStyle (166)
[2022.12.10-17.49.54:999][209]LogModuleManager: Shutting down and abandoning module SourceCodeAccess (164)
[2022.12.10-17.49.54:999][209]LogModuleManager: Shutting down and abandoning module HeadMountedDisplay (162)
[2022.12.10-17.49.54:999][209]LogModuleManager: Shutting down and abandoning module XAudio2 (160)
[2022.12.10-17.49.54:999][209]LogModuleManager: Shutting down and abandoning module Networking (158)
[2022.12.10-17.49.54:999][209]LogModuleManager: Shutting down and abandoning module Core (154)
[2022.12.10-17.49.54:999][209]LogModuleManager: Shutting down and abandoning module AssetRegistry (152)
[2022.12.10-17.49.55:126][209]LogDirectoryWatcher: A directory notification for '../../../Engine/Content/' was aborted.
[2022.12.10-17.49.55:126][209]LogDirectoryWatcher: A directory notification for '../../../../../../Users/camer/Desktop/Cplusplus_Unreal/Unreal/UnrealBPCPint/02/EX/Pong/Content/' was aborted.
[2022.12.10-17.49.55:126][209]LogDirectoryWatcher: A directory notification for '../../../Engine/Plugins/2D/Paper2D/Content/' was aborted.
[2022.12.10-17.49.55:126][209]LogModuleManager: Shutting down and abandoning module DirectoryWatcher (151)
[2022.12.10-17.49.55:127][209]LogModuleManager: Shutting down and abandoning module KismetCompiler (148)
[2022.12.10-17.49.55:127][209]LogModuleManager: Shutting down and abandoning module PhysXFormats (146)
[2022.12.10-17.49.55:127][209]LogModuleManager: Shutting down and abandoning module MeshUtilities (144)
[2022.12.10-17.49.55:127][209]LogModuleManager: Shutting down and abandoning module SimplygonSwarm (143)
[2022.12.10-17.49.55:127][209]LogModuleManager: Shutting down and abandoning module SimplygonMeshReduction (141)
[2022.12.10-17.49.55:127][209]LogModuleManager: Shutting down and abandoning module QuadricMeshReduction (139)
[2022.12.10-17.49.55:127][209]LogModuleManager: Shutting down and abandoning module PropertyEditor (137)
[2022.12.10-17.49.55:127][209]LogModuleManager: Shutting down and abandoning module DerivedDataCache (134)
[2022.12.10-17.49.55:187][209]LogDerivedDataCache: Shutdown
[2022.12.10-17.49.55:187][209]LogModuleManager: Shutting down and abandoning module TargetPlatform (132)
[2022.12.10-17.49.55:187][209]LogModuleManager: Shutting down and abandoning module VulkanShaderFormat (131)
[2022.12.10-17.49.55:187][209]LogModuleManager: Shutting down and abandoning module ShaderFormatOpenGL (129)
[2022.12.10-17.49.55:187][209]LogModuleManager: Shutting down and abandoning module ShaderFormatD3D (127)
[2022.12.10-17.49.55:187][209]LogModuleManager: Shutting down and abandoning module MetalShaderFormat (125)
[2022.12.10-17.49.55:187][209]LogModuleManager: Shutting down and abandoning module TextureFormatUncompressed (123)
[2022.12.10-17.49.55:187][209]LogModuleManager: Shutting down and abandoning module TextureFormatPVR (121)
[2022.12.10-17.49.55:187][209]LogModuleManager: Shutting down and abandoning module TextureFormatDXT (119)
[2022.12.10-17.49.55:187][209]LogModuleManager: Shutting down and abandoning module TextureFormatIntelISPCTexComp (117)
[2022.12.10-17.49.55:187][209]LogModuleManager: Shutting down and abandoning module TextureFormatASTC (115)
[2022.12.10-17.49.55:187][209]LogModuleManager: Shutting down and abandoning module ImageWrapper (114)
[2022.12.10-17.49.55:187][209]LogModuleManager: Shutting down and abandoning module TextureFormatAndroid (111)
[2022.12.10-17.49.55:187][209]LogModuleManager: Shutting down and abandoning module AudioFormatOpus (109)
[2022.12.10-17.49.55:187][209]LogModuleManager: Shutting down and abandoning module AudioFormatOgg (107)
[2022.12.10-17.49.55:187][209]LogModuleManager: Shutting down and abandoning module AudioFormatADPCM (105)
[2022.12.10-17.49.55:187][209]LogModuleManager: Shutting down and abandoning module LinuxTargetPlatform (103)
[2022.12.10-17.49.55:187][209]LogModuleManager: Shutting down and abandoning module LinuxServerTargetPlatform (101)
[2022.12.10-17.49.55:187][209]LogModuleManager: Shutting down and abandoning module LinuxNoEditorTargetPlatform (99)
[2022.12.10-17.49.55:187][209]LogModuleManager: Shutting down and abandoning module LinuxClientTargetPlatform (97)
[2022.12.10-17.49.55:187][209]LogModuleManager: Shutting down and abandoning module TVOSTargetPlatform (95)
[2022.12.10-17.49.55:187][209]LogModuleManager: Shutting down and abandoning module Messaging (93)
[2022.12.10-17.49.55:187][209]LogModuleManager: Shutting down and abandoning module IOSTargetPlatform (91)
[2022.12.10-17.49.55:187][209]LogModuleManager: Shutting down and abandoning module HTML5TargetPlatform (89)
[2022.12.10-17.49.55:187][209]LogModuleManager: Shutting down and abandoning module Android_PVRTCTargetPlatform (87)
[2022.12.10-17.49.55:187][209]LogModuleManager: Shutting down and abandoning module Android_MultiTargetPlatform (85)
[2022.12.10-17.49.55:187][209]LogModuleManager: Shutting down and abandoning module Android_ETC2TargetPlatform (83)
[2022.12.10-17.49.55:188][209]LogModuleManager: Shutting down and abandoning module Android_ETC1TargetPlatform (81)
[2022.12.10-17.49.55:188][209]LogModuleManager: Shutting down and abandoning module Android_DXTTargetPlatform (79)
[2022.12.10-17.49.55:188][209]LogModuleManager: Shutting down and abandoning module Android_ATCTargetPlatform (77)
[2022.12.10-17.49.55:188][209]LogModuleManager: Shutting down and abandoning module Android_ASTCTargetPlatform (75)
[2022.12.10-17.49.55:188][209]LogModuleManager: Shutting down and abandoning module AndroidTargetPlatform (73)
[2022.12.10-17.49.55:188][209]LogModuleManager: Shutting down and abandoning module WindowsTargetPlatform (71)
[2022.12.10-17.49.55:188][209]LogModuleManager: Shutting down and abandoning module WindowsServerTargetPlatform (69)
[2022.12.10-17.49.55:188][209]LogModuleManager: Shutting down and abandoning module WindowsNoEditorTargetPlatform (67)
[2022.12.10-17.49.55:188][209]LogModuleManager: Shutting down and abandoning module WindowsClientTargetPlatform (65)
[2022.12.10-17.49.55:188][209]LogModuleManager: Shutting down and abandoning module MacTargetPlatform (63)
[2022.12.10-17.49.55:188][209]LogModuleManager: Shutting down and abandoning module MacServerTargetPlatform (61)
[2022.12.10-17.49.55:188][209]LogModuleManager: Shutting down and abandoning module MacNoEditorTargetPlatform (59)
[2022.12.10-17.49.55:188][209]LogModuleManager: Shutting down and abandoning module MacClientTargetPlatform (57)
[2022.12.10-17.49.55:188][209]LogModuleManager: Shutting down and abandoning module AllDesktopTargetPlatform (55)
[2022.12.10-17.49.55:188][209]LogModuleManager: Shutting down and abandoning module InputCore (52)
[2022.12.10-17.49.55:188][209]LogModuleManager: Shutting down and abandoning module Settings (50)
[2022.12.10-17.49.55:188][209]LogModuleManager: Shutting down and abandoning module OculusRift (48)
[2022.12.10-17.49.55:188][209]LogModuleManager: Shutting down and abandoning module GearVR (46)
[2022.12.10-17.49.55:188][209]LogModuleManager: Shutting down and abandoning module ExampleDeviceProfileSelector (44)
[2022.12.10-17.49.55:188][209]LogModuleManager: Shutting down and abandoning module OnlineBlueprintSupport (42)
[2022.12.10-17.49.55:188][209]LogModuleManager: Shutting down and abandoning module OnlineSubsystem (38)
[2022.12.10-17.49.55:188][209]LogOnline:Display: Unloading online subsystem: NULL
[2022.12.10-17.49.55:188][209]LogModuleManager: Shutting down and abandoning module XMPP (37)
[2022.12.10-17.49.55:188][209]LogModuleManager: Shutting down and abandoning module HTTP (35)
[2022.12.10-17.49.55:188][209]LogHttp:Display: Http module shutting down, but needs to wait on 1 outstanding Http requests:
[2022.12.10-17.49.55:188][209]LogHttp:Display: 	verb=[POST] url=[https://datarouter.ol.epicgames.com/datarouter/api/v1/public/data?SessionID=%7BA2E242CF-4127-B9F0-2493-4EAB25BE247A%7D&AppID=UEEditor.Rocket.Release&AppVersion=4.15.3-3450819%2B%2B%2BUE4%2BRelease-4.15&UserID=50461cf0443c3043172f988a45a4f21a%7C2a5cfff157f944ab83d44c343ae865ee%7Ceca88132-c07d-484f-878d-d5fed27ae3cd&AppEnvironment=datacollector-binary&UploadType=eteventstream] status=Processing
[2022.12.10-17.49.55:199][209]LogModuleManager: Shutting down and abandoning module SSL (34)
[2022.12.10-17.49.55:200][209]LogModuleManager: Shutting down and abandoning module AudioEditor (30)
[2022.12.10-17.49.55:200][209]LogModuleManager: Shutting down and abandoning module TextureCompressor (28)
[2022.12.10-17.49.55:200][209]LogModuleManager: Shutting down and abandoning module ShaderCore (26)
[2022.12.10-17.49.55:200][209]LogModuleManager: Shutting down and abandoning module Landscape (24)
[2022.12.10-17.49.55:200][209]LogModuleManager: Shutting down and abandoning module SlateRHIRenderer (22)
[2022.12.10-17.49.55:201][209]LogModuleManager: Shutting down and abandoning module OpenGLDrv (20)
[2022.12.10-17.49.55:201][209]LogModuleManager: Shutting down and abandoning module D3D11RHI (18)
[2022.12.10-17.49.55:201][209]LogModuleManager: Shutting down and abandoning module AnimGraphRuntime (16)
[2022.12.10-17.49.55:201][209]LogModuleManager: Shutting down and abandoning module Renderer (14)
[2022.12.10-17.49.55:201][209]LogModuleManager: Shutting down and abandoning module Engine (12)
[2022.12.10-17.49.55:201][209]LogModuleManager: Shutting down and abandoning module CoreUObject (10)
[2022.12.10-17.49.55:201][209]LogModuleManager: Shutting down and abandoning module NetworkFile (8)
[2022.12.10-17.49.55:201][209]LogModuleManager: Shutting down and abandoning module StreamingFile (6)
[2022.12.10-17.49.55:201][209]LogModuleManager: Shutting down and abandoning module SandboxFile (4)
[2022.12.10-17.49.55:201][209]LogModuleManager: Shutting down and abandoning module PakFile (2)
[2022.12.10-17.49.55:203][209]LogExit: Exiting.
[2022.12.10-17.49.55:209][209]Log file closed, 12/10/22 09:49:55
