Log file open, 02/04/17 14:54:03
LogInit:Display: Running engine for game: BPFundamentals
LogPlatformFile: Not using cached read wrapper
LogInit:Display: RandInit(-853281632) SRandInit(-853281632).
LogTaskGraph: Started task graph with 5 named threads and 8 total threads with 1 sets of task threads.
LogStats: Stats thread started at 0.078728
LogPluginManager: Loaded Plugin Paper2D, From C:/Program Files (x86)/Epic Games/4.14/Engine/Plugins/2D/Paper2D/Paper2D.uplugin
LogPluginManager: Loaded Plugin LightPropagationVolume, From C:/Program Files (x86)/Epic Games/4.14/Engine/Plugins/Blendables/LightPropagationVolume/LightPropagationVolume.uplugin
LogPluginManager: Loaded Plugin BlankPlugin, From C:/Program Files (x86)/Epic Games/4.14/Engine/Plugins/Developer/BlankPlugin/BlankPlugin.uplugin
LogPluginManager: Loaded Plugin CodeLiteSourceCodeAccess, From C:/Program Files (x86)/Epic Games/4.14/Engine/Plugins/Developer/CodeLiteSourceCodeAccess/CodeLiteSourceCodeAccess.uplugin
LogPluginManager: Loaded Plugin GitSourceControl, From C:/Program Files (x86)/Epic Games/4.14/Engine/Plugins/Developer/GitSourceControl/GitSourceControl.uplugin
LogPluginManager: Loaded Plugin KDevelopSourceCodeAccess, From C:/Program Files (x86)/Epic Games/4.14/Engine/Plugins/Developer/KDevelopSourceCodeAccess/KDevelopSourceCodeAccess.uplugin
LogPluginManager: Loaded Plugin NullSourceCodeAccess, From C:/Program Files (x86)/Epic Games/4.14/Engine/Plugins/Developer/NullSourceCodeAccess/NullSourceCodeAccess.uplugin
LogPluginManager: Loaded Plugin OneSkyLocalizationService, From C:/Program Files (x86)/Epic Games/4.14/Engine/Plugins/Developer/OneSkyLocalizationService/OneSkyLocalizationService.uplugin
LogPluginManager: Loaded Plugin PerforceSourceControl, From C:/Program Files (x86)/Epic Games/4.14/Engine/Plugins/Developer/PerforceSourceControl/PerforceSourceControl.uplugin
LogPluginManager: Loaded Plugin SubversionSourceControl, From C:/Program Files (x86)/Epic Games/4.14/Engine/Plugins/Developer/SubversionSourceControl/SubversionSourceControl.uplugin
LogPluginManager: Loaded Plugin UObjectPlugin, From C:/Program Files (x86)/Epic Games/4.14/Engine/Plugins/Developer/UObjectPlugin/UObjectPlugin.uplugin
LogPluginManager: Loaded Plugin VisualStudioSourceCodeAccess, From C:/Program Files (x86)/Epic Games/4.14/Engine/Plugins/Developer/VisualStudioSourceCodeAccess/VisualStudioSourceCodeAccess.uplugin
LogPluginManager: Loaded Plugin XCodeSourceCodeAccess, From C:/Program Files (x86)/Epic Games/4.14/Engine/Plugins/Developer/XCodeSourceCodeAccess/XCodeSourceCodeAccess.uplugin
LogPluginManager: Loaded Plugin AudioCapture, From C:/Program Files (x86)/Epic Games/4.14/Engine/Plugins/Editor/AudioCapture/AudioCapture.uplugin
LogPluginManager: Loaded Plugin EpicSurvey, From C:/Program Files (x86)/Epic Games/4.14/Engine/Plugins/Editor/EpicSurvey/EpicSurvey.uplugin
LogPluginManager: Loaded Plugin MacGraphicsSwitching, From C:/Program Files (x86)/Epic Games/4.14/Engine/Plugins/Editor/MacGraphicsSwitching/MacGraphicsSwitching.uplugin
LogPluginManager: Loaded Plugin MobileLauncherProfileWizard, From C:/Program Files (x86)/Epic Games/4.14/Engine/Plugins/Editor/MobileLauncherProfileWizard/MobileLauncherProfileWizard.uplugin
LogPluginManager: Loaded Plugin PluginBrowser, From C:/Program Files (x86)/Epic Games/4.14/Engine/Plugins/Editor/PluginBrowser/PluginBrowser.uplugin
LogPluginManager: Loaded Plugin SpeedTreeImporter, From C:/Program Files (x86)/Epic Games/4.14/Engine/Plugins/Editor/SpeedTreeImporter/SpeedTreeImporter.uplugin
LogPluginManager: Loaded Plugin SuperSearchEditor, From C:/Program Files (x86)/Epic Games/4.14/Engine/Plugins/Editor/SuperSearchEditor/SuperSearchEditor.uplugin
LogPluginManager: Loaded Plugin AlembicImporter, From C:/Program Files (x86)/Epic Games/4.14/Engine/Plugins/Experimental/AlembicImporter/AlembicImporter.uplugin
LogPluginManager: Loaded Plugin BlueprintStats, From C:/Program Files (x86)/Epic Games/4.14/Engine/Plugins/Experimental/BlueprintStats/BlueprintStats.uplugin
LogPluginManager: Loaded Plugin CharacterAI, From C:/Program Files (x86)/Epic Games/4.14/Engine/Plugins/Experimental/CharacterAI/CharacterAI.uplugin
LogPluginManager: Loaded Plugin CodeEditor, From C:/Program Files (x86)/Epic Games/4.14/Engine/Plugins/Experimental/CodeEditor/CodeEditor.uplugin
LogPluginManager: Loaded Plugin CodeView, From C:/Program Files (x86)/Epic Games/4.14/Engine/Plugins/Experimental/CodeView/CodeView.uplugin
LogPluginManager: Loaded Plugin HTML5Networking, From C:/Program Files (x86)/Epic Games/4.14/Engine/Plugins/Experimental/HTML5Networking/HTML5Networking.uplugin
LogPluginManager: Loaded Plugin OSVR, From C:/Program Files (x86)/Epic Games/4.14/Engine/Plugins/Experimental/OSVR/OSVR.uplugin
LogPluginManager: Loaded Plugin Phya, From C:/Program Files (x86)/Epic Games/4.14/Engine/Plugins/Experimental/Phya/Phya.uplugin
LogPluginManager: Loaded Plugin SignificanceManager, From C:/Program Files (x86)/Epic Games/4.14/Engine/Plugins/Experimental/SignificanceManager/SignificanceManager.uplugin
LogPluginManager: Loaded Plugin SimpleHMD, From C:/Program Files (x86)/Epic Games/4.14/Engine/Plugins/Experimental/SimpleHMD/SimpleHMD.uplugin
LogPluginManager: Loaded Plugin StereoPanorama, From C:/Program Files (x86)/Epic Games/4.14/Engine/Plugins/Experimental/StereoPanorama/StereoPanorama.uplugin
LogPluginManager: Loaded Plugin StructBox, From C:/Program Files (x86)/Epic Games/4.14/Engine/Plugins/Experimental/StructBox/StructBox.uplugin
LogPluginManager: Loaded Plugin Controlysis, From C:/Program Files (x86)/Epic Games/4.14/Engine/Plugins/Marketplace/Controlysis/Controlysis.uplugin
LogPluginManager: Loaded Plugin AndroidMedia, From C:/Program Files (x86)/Epic Games/4.14/Engine/Plugins/Media/AndroidMedia/AndroidMedia.uplugin
LogPluginManager: Loaded Plugin AvfMedia, From C:/Program Files (x86)/Epic Games/4.14/Engine/Plugins/Media/AvfMedia/AvfMedia.uplugin
LogPluginManager: Loaded Plugin MediaPlayerEditor, From C:/Program Files (x86)/Epic Games/4.14/Engine/Plugins/Media/MediaPlayerEditor/MediaPlayerEditor.uplugin
LogPluginManager: Loaded Plugin WmfMedia, From C:/Program Files (x86)/Epic Games/4.14/Engine/Plugins/Media/WmfMedia/WmfMedia.uplugin
LogPluginManager: Loaded Plugin MessagingDebugger, From C:/Program Files (x86)/Epic Games/4.14/Engine/Plugins/Messaging/MessagingDebugger/MessagingDebugger.uplugin
LogPluginManager: Loaded Plugin TcpMessaging, From C:/Program Files (x86)/Epic Games/4.14/Engine/Plugins/Messaging/TcpMessaging/TcpMessaging.uplugin
LogPluginManager: Loaded Plugin UdpMessaging, From C:/Program Files (x86)/Epic Games/4.14/Engine/Plugins/Messaging/UdpMessaging/UdpMessaging.uplugin
LogPluginManager: Loaded Plugin LevelSequenceEditor, From C:/Program Files (x86)/Epic Games/4.14/Engine/Plugins/MovieScene/LevelSequenceEditor/LevelSequenceEditor.uplugin
LogPluginManager: Loaded Plugin MatineeToLevelSequence, From C:/Program Files (x86)/Epic Games/4.14/Engine/Plugins/MovieScene/MatineeToLevelSequence/MatineeToLevelSequence.uplugin
LogPluginManager: Loaded Plugin NetcodeUnitTest, From C:/Program Files (x86)/Epic Games/4.14/Engine/Plugins/NetcodeUnitTest/NetcodeUnitTest/NetcodeUnitTest.uplugin
LogPluginManager: Loaded Plugin NUTUnrealEngine4, From C:/Program Files (x86)/Epic Games/4.14/Engine/Plugins/NetcodeUnitTest/NUTUnrealEngine4/NUTUnrealEngine4.uplugin
LogPluginManager: Loaded Plugin OnlineSubsystemGameCircle, From C:/Program Files (x86)/Epic Games/4.14/Engine/Plugins/Online/Android/OnlineSubsystemGameCircle/OnlineSubsystemGameCircle.uplugin
LogPluginManager: Loaded Plugin OnlineSubsystemGooglePlay, From C:/Program Files (x86)/Epic Games/4.14/Engine/Plugins/Online/Android/OnlineSubsystemGooglePlay/OnlineSubsystemGooglePlay.uplugin
LogPluginManager: Loaded Plugin OnlineSubsystemIOS, From C:/Program Files (x86)/Epic Games/4.14/Engine/Plugins/Online/IOS/OnlineSubsystemIOS/OnlineSubsystemIOS.uplugin
LogPluginManager: Loaded Plugin OnlineFramework, From C:/Program Files (x86)/Epic Games/4.14/Engine/Plugins/Online/OnlineFramework/OnlineFramework.uplugin
LogPluginManager: Loaded Plugin OnlineSubsystem, From C:/Program Files (x86)/Epic Games/4.14/Engine/Plugins/Online/OnlineSubsystem/OnlineSubsystem.uplugin
LogPluginManager: Loaded Plugin OnlineSubsystemAmazon, From C:/Program Files (x86)/Epic Games/4.14/Engine/Plugins/Online/OnlineSubsystemAmazon/OnlineSubsystemAmazon.uplugin
LogPluginManager: Loaded Plugin OnlineSubsystemFacebook, From C:/Program Files (x86)/Epic Games/4.14/Engine/Plugins/Online/OnlineSubsystemFacebook/OnlineSubsystemFacebook.uplugin
LogPluginManager: Loaded Plugin OnlineSubsystemNull, From C:/Program Files (x86)/Epic Games/4.14/Engine/Plugins/Online/OnlineSubsystemNull/OnlineSubsystemNull.uplugin
LogPluginManager: Loaded Plugin OnlineSubsystemOculus, From C:/Program Files (x86)/Epic Games/4.14/Engine/Plugins/Online/OnlineSubsystemOculus/OnlineSubsystemOculus.uplugin
LogPluginManager: Loaded Plugin OnlineSubsystemSteam, From C:/Program Files (x86)/Epic Games/4.14/Engine/Plugins/Online/OnlineSubsystemSteam/OnlineSubsystemSteam.uplugin
LogPluginManager: Loaded Plugin OnlineSubsystemUtils, From C:/Program Files (x86)/Epic Games/4.14/Engine/Plugins/Online/OnlineSubsystemUtils/OnlineSubsystemUtils.uplugin
LogPluginManager: Loaded Plugin IOSTapJoy, From C:/Program Files (x86)/Epic Games/4.14/Engine/Plugins/Runtime/Advertising/IOSTapJoy/IOSTapJoy.uplugin
LogPluginManager: Loaded Plugin AnalyticsBlueprintLibrary, From C:/Program Files (x86)/Epic Games/4.14/Engine/Plugins/Runtime/Analytics/AnalyticsBlueprintLibrary/AnalyticsBlueprintLibrary.uplugin
LogPluginManager: Loaded Plugin AnalyticsMulticast, From C:/Program Files (x86)/Epic Games/4.14/Engine/Plugins/Runtime/Analytics/AnalyticsMulticast/AnalyticsMulticast.uplugin
LogPluginManager: Loaded Plugin Apsalar, From C:/Program Files (x86)/Epic Games/4.14/Engine/Plugins/Runtime/Analytics/Apsalar/Apsalar.uplugin
LogPluginManager: Loaded Plugin FileLogging, From C:/Program Files (x86)/Epic Games/4.14/Engine/Plugins/Runtime/Analytics/FileLogging/FileLogging.uplugin
LogPluginManager: Loaded Plugin Flurry, From C:/Program Files (x86)/Epic Games/4.14/Engine/Plugins/Runtime/Analytics/Flurry/Flurry.uplugin
LogPluginManager: Loaded Plugin AndroidDeviceProfileSelector, From C:/Program Files (x86)/Epic Games/4.14/Engine/Plugins/Runtime/AndroidDeviceProfileSelector/AndroidDeviceProfileSelector.uplugin
LogPluginManager: Loaded Plugin AndroidMoviePlayer, From C:/Program Files (x86)/Epic Games/4.14/Engine/Plugins/Runtime/AndroidMoviePlayer/AndroidMoviePlayer.uplugin
LogPluginManager: Loaded Plugin AppleMoviePlayer, From C:/Program Files (x86)/Epic Games/4.14/Engine/Plugins/Runtime/AppleMoviePlayer/AppleMoviePlayer.uplugin
LogPluginManager: Loaded Plugin ArchVisCharacter, From C:/Program Files (x86)/Epic Games/4.14/Engine/Plugins/Runtime/ArchVisCharacter/ArchVisCharacter.uplugin
LogPluginManager: Loaded Plugin CableComponent, From C:/Program Files (x86)/Epic Games/4.14/Engine/Plugins/Runtime/CableComponent/CableComponent.uplugin
LogPluginManager: Loaded Plugin CustomMeshComponent, From C:/Program Files (x86)/Epic Games/4.14/Engine/Plugins/Runtime/CustomMeshComponent/CustomMeshComponent.uplugin
LogPluginManager: Loaded Plugin ExampleDeviceProfileSelector, From C:/Program Files (x86)/Epic Games/4.14/Engine/Plugins/Runtime/ExampleDeviceProfileSelector/ExampleDeviceProfileSelector.uplugin
LogPluginManager: Loaded Plugin GearVR, From C:/Program Files (x86)/Epic Games/4.14/Engine/Plugins/Runtime/GearVR/GearVR.uplugin
LogPluginManager: Loaded Plugin GoogleVRController, From C:/Program Files (x86)/Epic Games/4.14/Engine/Plugins/Runtime/GoogleVR/GoogleVRController/GoogleVRController.uplugin
LogPluginManager: Loaded Plugin GoogleVRHMD, From C:/Program Files (x86)/Epic Games/4.14/Engine/Plugins/Runtime/GoogleVR/GoogleVRHMD/GoogleVRHMD.uplugin
LogPluginManager: Loaded Plugin IOSDeviceProfileSelector, From C:/Program Files (x86)/Epic Games/4.14/Engine/Plugins/Runtime/IOSDeviceProfileSelector/IOSDeviceProfileSelector.uplugin
LogPluginManager: Loaded Plugin LeapMotion, From C:/Program Files (x86)/Epic Games/4.14/Engine/Plugins/Runtime/LeapMotion/LeapMotion.uplugin
LogPluginManager: Loaded Plugin LinuxDeviceProfileSelector, From C:/Program Files (x86)/Epic Games/4.14/Engine/Plugins/Runtime/LinuxDeviceProfileSelector/LinuxDeviceProfileSelector.uplugin
LogPluginManager: Loaded Plugin MIDIDevice, From C:/Program Files (x86)/Epic Games/4.14/Engine/Plugins/Runtime/MIDIDevice/MIDIDevice.uplugin
LogPluginManager: Loaded Plugin MobilePatchingUtils, From C:/Program Files (x86)/Epic Games/4.14/Engine/Plugins/Runtime/MobilePatchingUtils/MobilePatchingUtils.uplugin
LogPluginManager: Loaded Plugin Ansel, From C:/Program Files (x86)/Epic Games/4.14/Engine/Plugins/Runtime/Nvidia/Ansel/Ansel.uplugin
LogPluginManager: Loaded Plugin OculusAudio, From C:/Program Files (x86)/Epic Games/4.14/Engine/Plugins/Runtime/OculusAudio/OculusAudio.uplugin
LogPluginManager: Loaded Plugin OculusInput, From C:/Program Files (x86)/Epic Games/4.14/Engine/Plugins/Runtime/OculusInput/OculusInput.uplugin
LogPluginManager: Loaded Plugin OculusLibrary, From C:/Program Files (x86)/Epic Games/4.14/Engine/Plugins/Runtime/OculusLibrary/OculusLibrary.uplugin
LogPluginManager: Loaded Plugin OculusRift, From C:/Program Files (x86)/Epic Games/4.14/Engine/Plugins/Runtime/OculusRift/OculusRift.uplugin
LogPluginManager: Loaded Plugin Oodle, From C:/Program Files (x86)/Epic Games/4.14/Engine/Plugins/Runtime/PacketHandlers/CompressionComponents/Oodle/Oodle.uplugin
LogPluginManager: Loaded Plugin ProceduralMeshComponent, From C:/Program Files (x86)/Epic Games/4.14/Engine/Plugins/Runtime/ProceduralMeshComponent/ProceduralMeshComponent.uplugin
LogPluginManager: Loaded Plugin SoundMod, From C:/Program Files (x86)/Epic Games/4.14/Engine/Plugins/Runtime/SoundMod/SoundMod.uplugin
LogPluginManager: Loaded Plugin SoundVisualizations, From C:/Program Files (x86)/Epic Games/4.14/Engine/Plugins/Runtime/SoundVisualizations/SoundVisualizations.uplugin
LogPluginManager: Loaded Plugin SteamController, From C:/Program Files (x86)/Epic Games/4.14/Engine/Plugins/Runtime/Steam/SteamController/SteamController.uplugin
LogPluginManager: Loaded Plugin SteamVR, From C:/Program Files (x86)/Epic Games/4.14/Engine/Plugins/Runtime/Steam/SteamVR/SteamVR.uplugin
LogPluginManager: Loaded Plugin WebBrowserWidget, From C:/Program Files (x86)/Epic Games/4.14/Engine/Plugins/Runtime/WebBrowserWidget/WebBrowserWidget.uplugin
LogPluginManager: Loaded Plugin WindowsDeviceProfileSelector, From C:/Program Files (x86)/Epic Games/4.14/Engine/Plugins/Runtime/WindowsDeviceProfileSelector/WindowsDeviceProfileSelector.uplugin
LogPluginManager: Loaded Plugin WindowsMoviePlayer, From C:/Program Files (x86)/Epic Games/4.14/Engine/Plugins/Runtime/WindowsMoviePlayer/WindowsMoviePlayer.uplugin
LogPluginManager: Loaded Plugin ScriptPlugin, From C:/Program Files (x86)/Epic Games/4.14/Engine/Plugins/ScriptPlugin/ScriptPlugin.uplugin
LogPluginManager: Loaded Plugin SlateRemote, From C:/Program Files (x86)/Epic Games/4.14/Engine/Plugins/Slate/SlateRemote/SlateRemote.uplugin
LogPluginManager: Loaded Plugin EditorTests, From C:/Program Files (x86)/Epic Games/4.14/Engine/Plugins/Tests/EditorTests/EditorTests.uplugin
LogPluginManager: Loaded Plugin FbxAutomationTestBuilder, From C:/Program Files (x86)/Epic Games/4.14/Engine/Plugins/Tests/FbxAutomationTestBuilder/FbxAutomationTestBuilder.uplugin
LogPluginManager: Loaded Plugin FunctionalTestingEditor, From C:/Program Files (x86)/Epic Games/4.14/Engine/Plugins/Tests/FunctionalTestingEditor/FunctionalTestingEditor.uplugin
LogPluginManager: Loaded Plugin RuntimeTests, From C:/Program Files (x86)/Epic Games/4.14/Engine/Plugins/Tests/RuntimeTests/RuntimeTests.uplugin
LogPluginManager: Loaded Plugin ScreenshotTools, From C:/Program Files (x86)/Epic Games/4.14/Engine/Plugins/Tests/ScreenshotTools/ScreenshotTools.uplugin
LogInit: Using libcurl 7.47.1
LogInit:  - built for x86_64-pc-win32
LogInit:  - supports SSL with OpenSSL/1.0.2g
LogInit:  - supports HTTP deflate (compression) using libz 1.2.8
LogInit:  - other features:
LogInit:      CURL_VERSION_SSL
LogInit:      CURL_VERSION_LIBZ
LogInit:      CURL_VERSION_IPV6
LogInit:      CURL_VERSION_ASYNCHDNS
LogInit:      CURL_VERSION_LARGEFILE
LogInit:      CURL_VERSION_IDN
LogInit:  CurlRequestOptions (configurable via config and command line):
LogInit:  - bVerifyPeer = false  - Libcurl will NOT verify peer certificate
LogInit:  - bUseHttpProxy = false  - Libcurl will NOT use HTTP proxy
LogInit:  - bDontReuseConnections = false  - Libcurl will reuse connections
LogInit:  - CertBundlePath = nullptr  - Libcurl will use whatever was configured at build time.
LogInit: Build: ++UE4+Release-4.14-CL-3249277
LogInit: Engine Version: 4.14.3-3249277+++UE4+Release-4.14
LogInit: Compatible Engine Version: 4.14.0-3195953+++UE4+Release-4.14
LogInit: Net CL: 3195953
LogDevObjectVersion: Number of dev versions registered: 13
LogDevObjectVersion:   Dev-Blueprints (B0D832E4-1F89-4F0D-ACCF-7EB736FD4AA2): 7
LogDevObjectVersion:   Dev-Build (E1C64328-A22C-4D53-A36C-8E866417BD8C): 0
LogDevObjectVersion:   Dev-Core (375EC13C-06E4-48FB-B500-84F0262A717E): 1
LogDevObjectVersion:   Dev-Editor (E4B068ED-F494-42E9-A231-DA0B2E46BB41): 8
LogDevObjectVersion:   Dev-Framework (CFFC743F-43B0-4480-9391-14DF171D2073): 17
LogDevObjectVersion:   Dev-Mobile (B02B49B5-BB20-44E9-A304-32B752E40360): 0
LogDevObjectVersion:   Dev-Networking (A4E4105C-59A1-49B5-A7C5-40C4547EDFEE): 0
LogDevObjectVersion:   Dev-Online (39C831C9-5AE6-47DC-9A44-9C173E1C8E7C): 0
LogDevObjectVersion:   Dev-Physics (78F01B33-EBEA-4F98-B9B4-84EACCB95AA2): 0
LogDevObjectVersion:   Dev-Platform (6631380F-2D4D-43E0-8009-CF276956A95A): 0
LogDevObjectVersion:   Dev-Rendering (12F88B9F-8875-4AFC-A67C-D90C383ABD29): 12
LogDevObjectVersion:   Dev-Sequencer (7B5AE74C-D270-4C10-A958-57980B212A5A): 1
LogDevObjectVersion:   Dev-VR (D7296918-1DD6-4BDD-9DE2-64A83CC13884): 0
LogInit: Compiled (64-bit): Jan  6 2017 10:49:43
LogInit: Compiled with Visual C++: 19.00.23026.00
LogInit: Build Configuration: Development
LogInit: Branch Name: ++UE4+Release-4.14
LogInit: Command line:  
LogInit: Base directory: C:/Program Files (x86)/Epic Games/4.14/Engine/Binaries/Win64/
LogInit: Installed Engine Build: 1
LogInit: Presizing for max 8388607 objects, including 0 objects not considered by GC, pre-allocating 0 bytes for permanent pool.
LogInit: Object subsystem initialized
[2017.02.04-14.54.03:830][  0]LogInit: Selected Device Profile: [Windows]
[2017.02.04-14.54.03:830][  0]LogInit: Applying CVar settings loaded from the selected device profile: [Windows]
[2017.02.04-14.54.03:839][  0]LogInit: Computer: DESKTOP-VGT605G
[2017.02.04-14.54.03:839][  0]LogInit: User: Rob
[2017.02.04-14.54.03:839][  0]LogInit: CPU Page size=65536, Cores=4
[2017.02.04-14.54.03:839][  0]LogInit: High frequency timer resolution =3.421875 MHz
[2017.02.04-14.54.03:839][  0]LogMemory: Memory total: Physical=16.0GB (16GB approx)
[2017.02.04-14.54.03:839][  0]LogMemory: Platform Memory Stats for Windows
[2017.02.04-14.54.03:839][  0]LogMemory: Process Physical Memory: 264.14 MB used, 264.14 MB peak
[2017.02.04-14.54.03:839][  0]LogMemory: Process Virtual Memory: 262.69 MB used, 262.69 MB peak
[2017.02.04-14.54.03:839][  0]LogMemory: Physical Memory: 8665.54 MB used,  7671.04 MB free, 16336.57 MB total
[2017.02.04-14.54.03:839][  0]LogMemory: Virtual Memory: 675.53 MB used,  7671.04 MB free, 134217728.00 MB total
[2017.02.04-14.54.03:864][  0]LogTextLocalizationManager: No specific translations for ('en-GB') exist, so ('en') translations will be used.
[2017.02.04-14.54.04:387][  0]LogD3D11RHI: D3D11 adapters:
[2017.02.04-14.54.04:408][  0]LogD3D11RHI:    0. 'NVIDIA GeForce GTX 980 Ti' (Feature Level 11_0)
[2017.02.04-14.54.04:408][  0]LogD3D11RHI:       6102/0/8168 MB DedicatedVideo/DedicatedSystem/SharedSystem, Outputs:2, VendorId:0x10de
[2017.02.04-14.54.04:410][  0]LogD3D11RHI:    1. 'Microsoft Basic Render Driver' (Feature Level 11_0)
[2017.02.04-14.54.04:410][  0]LogD3D11RHI:       0/0/8168 MB DedicatedVideo/DedicatedSystem/SharedSystem, Outputs:0, VendorId:0x1414
[2017.02.04-14.54.04:410][  0]LogD3D11RHI: Chosen D3D11 Adapter: 0
[2017.02.04-14.54.04:413][  0]LogD3D11RHI: Creating new Direct3DDevice
[2017.02.04-14.54.04:413][  0]LogD3D11RHI:     GPU DeviceId: 0x17c8 (for the marketing name, search the web for "GPU Device Id")
[2017.02.04-14.54.04:413][  0]LogWindows: EnumDisplayDevices:
[2017.02.04-14.54.04:413][  0]LogWindows:    0. 'NVIDIA GeForce GTX 980 Ti' (P:1 D:1)
[2017.02.04-14.54.04:414][  0]LogWindows:    1. 'NVIDIA GeForce GTX 980 Ti' (P:0 D:1)
[2017.02.04-14.54.04:414][  0]LogWindows:    2. 'NVIDIA GeForce GTX 980 Ti' (P:0 D:0)
[2017.02.04-14.54.04:414][  0]LogWindows:    3. 'NVIDIA GeForce GTX 980 Ti' (P:0 D:0)
[2017.02.04-14.54.04:414][  0]LogWindows: DebugString: FoundDriverCount:4 
[2017.02.04-14.54.04:414][  0]LogD3D11RHI:     Adapter Name: NVIDIA GeForce GTX 980 Ti
[2017.02.04-14.54.04:414][  0]LogD3D11RHI:   Driver Version: 376.33 (internal:21.21.13.7633, unified:376.33)
[2017.02.04-14.54.04:414][  0]LogD3D11RHI:      Driver Date: 12-11-2016
[2017.02.04-14.54.04:414][  0]LogRHI: Texture pool is 1361 MB (70% of 1945 MB)
[2017.02.04-14.54.04:423][  0]LogD3D11RHI: Async texture creation enabled
[2017.02.04-14.54.04:433][  0]LogD3D11RHI: GPU Timing Frequency: 1000.000000 (Debug: 2 1)
[2017.02.04-14.54.04:433][  0]LogShaderCompilers: Guid format shader working directory is 13 characters bigger than the processId version (D:/Projects/UE4/BPFundamentals/Intermediate/Shaders/WorkingDirectory/10176/).
[2017.02.04-14.54.04:433][  0]LogShaderCompilers: Cleaned the shader compiler working directory 'C:/Users/Rob/AppData/Local/Temp/UnrealShaderWorkingDir/13B6D2304E1CC9F1BB8AB58A03705D29/'.
[2017.02.04-14.54.04:433][  0]LogShaderCompilers:Display: Using Local Shader Compiler.
[2017.02.04-14.54.07:199][  0]LogTemp:Display: Loaded TP AllDesktopTargetPlatform
[2017.02.04-14.54.07:245][  0]LogTemp:Display: Loaded TP MacClientTargetPlatform
[2017.02.04-14.54.07:290][  0]LogTemp:Display: Loaded TP MacNoEditorTargetPlatform
[2017.02.04-14.54.07:335][  0]LogTemp:Display: Loaded TP MacServerTargetPlatform
[2017.02.04-14.54.07:381][  0]LogTemp:Display: Loaded TP MacTargetPlatform
[2017.02.04-14.54.07:427][  0]LogTemp:Display: Loaded TP WindowsClientTargetPlatform
[2017.02.04-14.54.07:472][  0]LogTemp:Display: Loaded TP WindowsNoEditorTargetPlatform
[2017.02.04-14.54.07:517][  0]LogTemp:Display: Loaded TP WindowsServerTargetPlatform
[2017.02.04-14.54.07:555][  0]LogTemp:Display: Loaded TP WindowsTargetPlatform
[2017.02.04-14.54.07:599][  0]LogTemp:Display: Loaded TP AndroidTargetPlatform
[2017.02.04-14.54.07:644][  0]LogTemp:Display: Loaded TP Android_ASTCTargetPlatform
[2017.02.04-14.54.07:688][  0]LogTemp:Display: Loaded TP Android_ATCTargetPlatform
[2017.02.04-14.54.07:732][  0]LogTemp:Display: Loaded TP Android_DXTTargetPlatform
[2017.02.04-14.54.07:775][  0]LogTemp:Display: Loaded TP Android_ETC1TargetPlatform
[2017.02.04-14.54.07:819][  0]LogTemp:Display: Loaded TP Android_ETC2TargetPlatform
[2017.02.04-14.54.07:909][  0]LogTemp:Display: Loaded TP Android_MultiTargetPlatform
[2017.02.04-14.54.07:909][  0]LogTemp:Display: Loaded TP Android_PVRTCTargetPlatform
[2017.02.04-14.54.07:940][  0]LogTemp:Display: Loaded TP HTML5TargetPlatform
[2017.02.04-14.54.08:011][  0]LogTemp:Display: Loaded TP IOSTargetPlatform
[2017.02.04-14.54.08:039][  0]LogTemp:Display: Loaded TP TVOSTargetPlatform
[2017.02.04-14.54.08:083][  0]LogTemp:Display: Loaded TP LinuxClientTargetPlatform
[2017.02.04-14.54.08:126][  0]LogTemp:Display: Loaded TP LinuxNoEditorTargetPlatform
[2017.02.04-14.54.08:169][  0]LogTemp:Display: Loaded TP LinuxServerTargetPlatform
[2017.02.04-14.54.08:212][  0]LogTemp:Display: Loaded TP LinuxTargetPlatform
[2017.02.04-14.54.08:212][  0]LogTargetPlatformManager:Display: Building Assets For Windows
[2017.02.04-14.54.08:544][  0]LogDerivedDataCache:Display: Max Cache Size: 512 MB
[2017.02.04-14.54.08:590][  0]LogDerivedDataCache: Loaded boot cache 0.05s 50MB C:/Users/Rob/AppData/Local/UnrealEngine/4.14/DerivedDataCache/Boot.ddc.
[2017.02.04-14.54.08:590][  0]LogDerivedDataCache:Display: Loaded Boot cache: C:/Users/Rob/AppData/Local/UnrealEngine/4.14/DerivedDataCache/Boot.ddc
[2017.02.04-14.54.08:590][  0]LogDerivedDataCache: FDerivedDataBackendGraph:  Pak pak cache file D:/Projects/UE4/BPFundamentals/DerivedDataCache/DDC.ddp not found, will not use a pak cache.
[2017.02.04-14.54.08:590][  0]LogDerivedDataCache: Unable to find inner node Pak for hierarchical cache Hierarchy.
[2017.02.04-14.54.08:590][  0]LogDerivedDataCache: FDerivedDataBackendGraph:  CompressedPak pak cache file D:/Projects/UE4/BPFundamentals/DerivedDataCache/Compressed.ddp not found, will not use a pak cache.
[2017.02.04-14.54.08:590][  0]LogDerivedDataCache: Unable to find inner node CompressedPak for hierarchical cache Hierarchy.
[2017.02.04-14.54.08:605][  0]LogDerivedDataCache:Display: Pak cache opened for reading ../../../Engine/DerivedDataCache/Compressed.ddp.
[2017.02.04-14.54.08:616][  0]LogDerivedDataCache: Using Local data cache path C:/Users/Rob/AppData/Local/UnrealEngine/Common/DerivedDataCache: Writable
[2017.02.04-14.54.08:788][  0]LogInit: Selected Device Profile: [Windows]
[2017.02.04-14.54.08:791][  0]LogContentStreaming: Texture pool size is 0.00 MB
[2017.02.04-14.54.08:970][  0]LogMeshUtilities: Using QuadricMeshReduction for automatic static mesh reduction
[2017.02.04-14.54.09:004][  0]LogSimplygon: Simplygon DLL not present - disabling.
[2017.02.04-14.54.09:042][  0]LogMeshUtilities: Using SimplygonSwarm for distributed automatic mesh merging
[2017.02.04-14.54.09:042][  0]LogMeshUtilities: No automatic skeletal mesh reduction module available
[2017.02.04-14.54.09:042][  0]LogMeshUtilities: No automatic mesh merging module available
[2017.02.04-14.54.09:462][  0]LogNetVersion: GetLocalNetworkVersion: CL: 3195953, ProjectName: bpfundamentals, ProjectVersion: , EngineNetworkVersion: 2, GameNetworkVersion: 0, NetworkChecksum: 2115558515
[2017.02.04-14.54.09:512][  0]LogAssetRegistry: FAssetRegistry took 0.0213 seconds to start up
[2017.02.04-14.54.09:552][  0]LogPackageLocalizationCache: Processed 4 localized package path(s) for 2 prioritized culture(s) in 0.022394 seconds
[2017.02.04-14.54.09:557][  0]LogUObjectArray: 31946 objects as part of root set at end of initial load.
[2017.02.04-14.54.09:557][  0]LogUObjectAllocator: 6935840 out of 0 bytes used by permanent object pool.
[2017.02.04-14.54.09:557][  0]LogUObjectArray: CloseDisregardForGC: 0/0 objects in disregard for GC pool
[2017.02.04-14.54.09:609][  0]LogInit: WinSock: version 1.1 (2.2), MaxSocks=32767, MaxUdp=65467
[2017.02.04-14.54.10:209][  0]LogSlate: Using Freetype 2.6.0
[2017.02.04-14.54.10:209][  0]LogSlate: SlateFontCache - WITH_FREETYPE: 1, WITH_HARFBUZZ: 1
[2017.02.04-14.54.10:209][  0]LogSlate: SlateFontCache - WITH_FREETYPE: 1, WITH_HARFBUZZ: 1
[2017.02.04-14.54.10:918][  0]LogTcpMessaging: Initializing TcpMessaging bridge
[2017.02.04-14.54.10:952][  0]LogUdpMessaging: Initializing bridge on interface 0.0.0.0:0 to multicast group 230.0.0.1:6666.
[2017.02.04-14.54.11:212][  0]LogMaterial: Uniform references updated for custom material expression Custom.
[2017.02.04-14.54.11:529][  0]SourceControl: Info Source control is disabled
[2017.02.04-14.54.11:564][  0]SourceControl: Info Source control is disabled
[2017.02.04-14.54.11:601][  0]SourceControl: Info Source control is disabled
[2017.02.04-14.54.11:638][  0]SourceControl: Info Source control is disabled
[2017.02.04-14.54.12:700][  0]LogEngine: Initializing Engine...
[2017.02.04-14.54.12:700][  0]LogHMD: Failed to initialize OpenVR with code 110
[2017.02.04-14.54.12:907][  0]LogAIModule: Creating AISystem for world Untitled
[2017.02.04-14.54.12:919][  0]LogInit: XAudio2 using 'Speakers (Siberia V2 Illuminated)' : 2 channels at 44.1 kHz using 16 bits per sample (channel mask 0x3)
[2017.02.04-14.54.12:928][  0]LogInit: FAudioDevice initialized.
[2017.02.04-14.54.12:952][  0]LogDerivedDataCache: Saved boot cache 0.02s 50MB C:/Users/Rob/AppData/Local/UnrealEngine/4.14/DerivedDataCache/Boot.ddc.
[2017.02.04-14.54.12:962][  0]LogInit: Texture streaming: Enabled
[2017.02.04-14.54.13:117][  0]LogInit: Transaction tracking system initialized
[2017.02.04-14.54.13:402][  0]BlueprintLog: New page: Editor Load
[2017.02.04-14.54.14:117][  0]LocalizationService: Info Localization service is disabled
[2017.02.04-14.54.16:852][  0]LogConsoleResponse:Display: 
[2017.02.04-14.54.16:968][  0]LogCook:Display: Max memory allowance for cook 16384mb min free memory 0mb
[2017.02.04-14.54.16:968][  0]LogCook:Display: Mobile HDR setting 1
[2017.02.04-14.54.17:785][  0]LogFileCache: Scanning file cache for directory 'D:/Projects/UE4/BPFundamentals/Content/' took 0.01s
[2017.02.04-14.54.17:822][  0]SourceControl: Info Source control is disabled
[2017.02.04-14.54.17:822][  0]Cmd: MAP LOAD FILE="D:/Projects/UE4/BPFundamentals/Content/Maps/Main.umap" TEMPLATE=0 SHOWPROGRESS=1 FEATURELEVEL=3
[2017.02.04-14.54.17:822][  0]LightingResults: New page: Lighting Build
[2017.02.04-14.54.17:859][  0]MapCheck: New page: Map Check
[2017.02.04-14.54.17:859][  0]LightingResults: New page: Lighting Build
[2017.02.04-14.54.18:107][  0]LogAIModule: Creating AISystem for world Main
[2017.02.04-14.54.18:113][  0]LogEditorServer: Finished looking for orphan Actors (0.000 secs)
[2017.02.04-14.54.18:114][  0]Cmd: MAP CHECKDEP NOCLEARLOG
[2017.02.04-14.54.18:146][  0]MapCheck: Info Map check complete: 0 Error(s), 0 Warning(s), took 32.099ms to complete.
[2017.02.04-14.54.18:146][  0]LogFileHelpers: Loading map 'Main' took 0.325
[2017.02.04-14.54.18:204][  0]LogWindowsTextInputMethodSystem:Display: IME system now deactivated.
[2017.02.04-14.54.18:276][  0]LogCollectionManager: Loaded 0 collections in 0.001986 seconds
[2017.02.04-14.54.18:350][  0]LogFileCache: Scanning file cache for directory 'D:/Projects/UE4/BPFundamentals/Saved/Collections/' took 0.01s
[2017.02.04-14.54.18:350][  0]LogFileCache: Scanning file cache for directory 'D:/Projects/UE4/BPFundamentals/Content/Developers/Rob/Collections/' took 0.01s
[2017.02.04-14.54.18:350][  0]LogFileCache: Scanning file cache for directory 'D:/Projects/UE4/BPFundamentals/Content/Collections/' took 0.01s
[2017.02.04-14.54.18:350][  0]LogCollectionManager: Rebuilt the GUID cache for 0 collections in 0.000001 seconds
[2017.02.04-14.54.18:357][  0]LogContentBrowser: Native class hierarchy populated in 0.0071 seconds. Added 2191 classes and 431 folders.
[2017.02.04-14.54.18:390][  0]LogStats: UGameplayTagsManager::ConstructGameplayTagTree: Construct from data asset -  0.000 s
[2017.02.04-14.54.18:390][  0]LogStats: UGameplayTagsManager::ConstructGameplayTagTree: GameplayTagTreeChangedEvent.Broadcast -  0.000 s
[2017.02.04-14.54.18:391][  0]LogContentBrowser: Native class hierarchy updated for 'GameplayTags' in 0.0004 seconds. Added 13 classes and 0 folders.
[2017.02.04-14.54.18:441][  0]LogContentBrowser: Native class hierarchy updated for 'WidgetCarousel' in 0.0004 seconds. Added 0 classes and 0 folders.
[2017.02.04-14.54.18:468][  0]LogContentBrowser: Native class hierarchy updated for 'AddContentDialog' in 0.0005 seconds. Added 0 classes and 0 folders.
[2017.02.04-14.54.18:506][  0]LogContentBrowser: Native class hierarchy updated for 'SceneOutliner' in 0.0004 seconds. Added 1 classes and 2 folders.
[2017.02.04-14.54.18:539][  0]LogCrashTracker: Crashtracker disabled due to settings.
[2017.02.04-14.54.19:458][  0]LogSlate: Only BGRA pngs, bmps or icos are supported in by External Image Picker
[2017.02.04-14.54.19:484][  0]LogUObjectGlobals:Warning: Failed to find object 'Class None.'
[2017.02.04-14.54.19:683][  0]LogTemp:Display: Executing iPhonePackager certificates Engine -bundlename com.YourCompany.BPFundamentals

[2017.02.04-14.54.19:683][  0]LogTemp:Display: CWD: C:\Program Files (x86)\Epic Games\4.14\Engine\Binaries\DotNet\IOS

[2017.02.04-14.54.19:683][  0]LogTemp:Display: Initial Dir: C:\Program Files (x86)\Epic Games\4.14

[2017.02.04-14.54.19:683][  0]LogTemp:Display: Env CWD: C:\Program Files (x86)\Epic Games\4.14\Engine\Binaries\DotNet\IOS

[2017.02.04-14.54.19:683][  0]LogTemp:Display: BranchPath = DESKTOP-VGT605G/C/Program Files (x86)/Epic Games/4.14/Engine/Binaries --- GameBranchPath = DESKTOP-VGT605G/C/Program Files (x86)/Epic Games/4.14/Engine/Binaries

[2017.02.04-14.54.19:683][  0]LogTemp:Display: IPP ERROR: Application exception: System.IO.DirectoryNotFoundException: Could not find a part of the path 'C:\Users\Rob\AppData\Local\Apple Computer\MobileDevice\Provisioning Profiles'.

[2017.02.04-14.54.19:683][  0]LogTemp:Display:    at System.IO.__Error.WinIOError(Int32 errorCode, String maybeFullPath)

[2017.02.04-14.54.19:683][  0]LogTemp:Display:    at System.IO.FileSystemEnumerableIterator`1.CommonInit()

[2017.02.04-14.54.19:683][  0]LogTemp:Display:    at System.IO.Directory.EnumerateFiles(String path, String searchPattern)

[2017.02.04-14.54.19:683][  0]LogTemp:Display:    at iPhonePackager.CodeSignatureBuilder.FindProvisions(String CFBundleIdentifier)

[2017.02.04-14.54.19:683][  0]LogTemp:Display:    at iPhonePackager.Program.Main(String[] args)

[2017.02.04-14.54.19:727][  0]LogContentBrowser: Native class hierarchy updated for 'HierarchicalLODOutliner' in 0.0005 seconds. Added 1 classes and 2 folders.
[2017.02.04-14.54.19:728][  0]LogLoad: (Engine Initialization) Total time: 17.13 seconds
[2017.02.04-14.54.19:728][  0]LogLoad: (Engine Initialization) Total Blueprint compile time: 0.08 seconds
[2017.02.04-14.54.19:728][  0]LogExternalProfiler: Found external profiler: VSPerf
[2017.02.04-14.54.19:728][  0]LogExternalProfiler: Using external profiler: VSPerf
[2017.02.04-14.54.19:737][  0]LogOcInput: OculusInput pre-init called
[2017.02.04-14.54.19:755][  0]LogContentStreaming: Texture pool size now 1000 MB
[2017.02.04-14.54.19:882][  0]LogRenderer: Reallocating scene render targets to support 1208x676 NumSamples 1 (Frame:2).
[2017.02.04-14.54.19:981][  1]LogHttp:Warning: 00000265DD031F00: request failed, libcurl error: 6 (Couldn't resolve host name)
[2017.02.04-14.54.19:981][  1]LogHttp:Warning: 00000265DD031F00: libcurl info message cache 0 (Could not resolve host: cdn.unrealengine.com)
[2017.02.04-14.54.19:981][  1]LogHttp:Warning: 00000265DD031F00: libcurl info message cache 1 (Closing connection 0)
[2017.02.04-14.54.19:981][  1]LogCollectionManager: Rebuilt the object cache for 0 collections in 0.000001 seconds (found 0 objects)
[2017.02.04-14.54.19:997][  1]LogAssetRegistry: Asset discovery search completed in 10.5070 seconds
[2017.02.04-14.54.19:997][  1]LogCollectionManager: Fixed up redirectors for 0 collections in 0.000001 seconds (updated 0 objects)
[2017.02.04-14.54.20:089][  2]LogHttp:Warning: 00000265F7BF3880: request failed, libcurl error: 6 (Couldn't resolve host name)
[2017.02.04-14.54.20:089][  2]LogHttp:Warning: 00000265F7BF3880: libcurl info message cache 0 (Could not resolve host: cdn.unrealengine.com)
[2017.02.04-14.54.20:089][  2]LogHttp:Warning: 00000265F7BF3880: libcurl info message cache 1 (Closing connection 1)
[2017.02.04-14.54.20:466][  7]LogHttp:Warning: 00000265F78EC400: request failed, libcurl error: 6 (Couldn't resolve host name)
[2017.02.04-14.54.20:466][  7]LogHttp:Warning: 00000265F78EC400: libcurl info message cache 0 (Could not resolve host: cdn.unrealengine.com)
[2017.02.04-14.54.20:466][  7]LogHttp:Warning: 00000265F78EC400: libcurl info message cache 1 (Closing connection 2)
[2017.02.04-14.54.21:272][ 25]LogEditorViewport: Clicking on Actor (context menu): StaticMeshActor (Wall_400x308)
[2017.02.04-14.54.33:799][ 41]LogFactory: FactoryCreateFile: StaticMesh with FbxFactory (0 0 ../../../../../../Users/Rob/Desktop/Cactus.fbx)
[2017.02.04-14.54.33:808][ 41]LogFbx: ItemName: GlobalSettings, ItemCount : 1
[2017.02.04-14.54.33:808][ 41]LogFbx: ItemName: Geometry, ItemCount : 1
[2017.02.04-14.54.33:808][ 41]LogFbx: ItemName: Model, ItemCount : 1
[2017.02.04-14.54.33:808][ 41]LogFbx: ItemName: Material, ItemCount : 3
[2017.02.04-14.54.33:808][ 41]LogFbx: ItemName: Texture, ItemCount : 4
[2017.02.04-14.54.33:808][ 41]LogFbx: ItemName: Video, ItemCount : 2
[2017.02.04-14.54.33:812][ 41]LogFbx: Loading FBX Scene from ../../../../../../Users/Rob/Desktop/Cactus.fbx
[2017.02.04-14.54.33:819][ 41]LogFbx: FBX Scene Loaded Succesfully
[2017.02.04-14.54.35:364][ 41]LogFbx: Loading FBX Scene from ../../../../../../Users/Rob/Desktop/Cactus.fbx
[2017.02.04-14.54.35:370][ 41]LogFbx: FBX Scene Loaded Succesfully
[2017.02.04-14.54.35:374][ 41]LogStaticMesh: Building static mesh Cactus...
[2017.02.04-14.54.35:391][ 41]LogStaticMesh: Built static mesh [0.02s] /Game/Assets/Meshes/Cactus.Cactus
[2017.02.04-14.54.35:396][ 41]FBXImport:Warning: Warning No smoothing group information was found in this FBX scene.  Please make sure to enable the 'Export Smoothing Groups' option in the FBX Exporter plug-in before exporting the file.  Even for tools that don't support smoothing groups, the FBX Exporter will generate appropriate smoothing data at export-time so that correct vertex normals can be inferred while importing. 
[2017.02.04-14.54.36:478][162]LogActorFactory: Actor Factory created Cactus
[2017.02.04-14.54.37:310][243]LogActorFactory: Actor Factory created Cactus
[2017.02.04-14.54.41:170][697]Cmd: CAMERA ALIGN ACTIVEVIEWPORTONLY
[2017.02.04-14.54.43:375][951]LogEditorViewport: Clicking on Actor (LMB): StaticMeshActor (Cactus)
[2017.02.04-14.55.09:270][  7]LogEditorViewport: Clicking on Actor (LMB): StaticMeshActor (Table)
[2017.02.04-14.55.19:773][213]LogHttp:Warning: 00000265912D2980: request failed, libcurl error: 6 (Couldn't resolve host name)
[2017.02.04-14.55.19:773][213]LogHttp:Warning: 00000265912D2980: libcurl info message cache 0 (Could not resolve host: datarouter.ol.epicgames.com)
[2017.02.04-14.55.19:773][213]LogHttp:Warning: 00000265912D2980: libcurl info message cache 1 (Closing connection 3)
[2017.02.04-14.55.20:733][324]Cmd: CAMERA ALIGN ACTIVEVIEWPORTONLY
[2017.02.04-14.56.19:575][492]Cmd: OBJ SAVEPACKAGE PACKAGE="/Game/Assets/Meshes/Cactus" FILE="D:/Projects/UE4/BPFundamentals/Content/Assets/Meshes/Cactus.uasset" SILENT=true
[2017.02.04-14.56.19:588][492]LogSavePackage: Save=12.48ms
[2017.02.04-14.56.19:588][492]LogSavePackage: Moving 'D:/Projects/UE4/BPFundamentals/Saved/CactusAE8105C44D22BBF9CA745D9915621314.tmp' to 'D:/Projects/UE4/BPFundamentals/Content/Assets/Meshes/Cactus.uasset'
[2017.02.04-14.56.19:589][492]LogSavePackage:Display: Finished SavePackage D:/Projects/UE4/BPFundamentals/Content/Assets/Meshes/Cactus.uasset
[2017.02.04-14.56.19:783][512]LogHttp:Warning: 000002658D0BC400: request failed, libcurl error: 6 (Couldn't resolve host name)
[2017.02.04-14.56.19:783][512]LogHttp:Warning: 000002658D0BC400: libcurl info message cache 0 (Could not resolve host: datarouter.ol.epicgames.com)
[2017.02.04-14.56.19:783][512]LogHttp:Warning: 000002658D0BC400: libcurl info message cache 1 (Closing connection 4)
[2017.02.04-14.56.20:402][567]LogRenderer: Reallocating scene render targets to support 1432x964 NumSamples 1 (Frame:14639).
[2017.02.04-14.56.23:713][940]LogEditorViewport: Clicking on Actor (LMB): StaticMeshActor (Wall_400x302)
[2017.02.04-14.56.28:371][435]LogEditorViewport: Clicking on Actor (LMB): StaticMeshActor (Cactus)
[2017.02.04-14.56.33:680][ 22]LogEditorViewport: Clicking on Actor (LMB): StaticMeshActor (Floor)
[2017.02.04-14.56.35:596][231]MapCheck: New page: Map Check
[2017.02.04-14.56.35:605][231]Cmd: MAP REBUILD ALLVISIBLE
[2017.02.04-14.56.35:605][231]LogEditorServer: Rebuildmap Clear paths rebuilt
[2017.02.04-14.56.35:655][231]LightingResults: New page: Lighting Build - 4 Feb 2017 14:56:35
[2017.02.04-14.56.35:684][231]LogSwarmInterface: [OpenConnection] Registering TCP channel ...
[2017.02.04-14.56.35:704][231]LogSwarmInterface: [OpenConnection] Connecting to agent ...
[2017.02.04-14.56.35:713][231]LogSwarmInterface: [TryOpenConnection] Testing the Agent
[2017.02.04-14.56.36:230][231]LogSwarmInterface: [TryOpenConnection] Opening Connection to Agent
[2017.02.04-14.56.36:230][231]LogSwarmInterface: [TryOpenConnection] Local Process ID is 10176
[2017.02.04-14.56.41:479][231]LogStaticLightingSystem: Running Lightmass w/ ImmediateImport mode ENABLED
[2017.02.04-14.56.41:479][231]LogStaticLightingSystem: Running Lightmass w/ ImmediateProcess mode ENABLED
[2017.02.04-14.56.41:479][231]LogStaticLightingSystem: Running Lightmass w/ Sorting mode ENABLED
[2017.02.04-14.56.41:479][231]LogStaticLightingSystem: Running Lightmass w/ Mapping paddings ENABLED
[2017.02.04-14.56.41:479][231]LogStaticLightingSystem: Running Lightmass w/ Mapping debug paddings DISABLED
[2017.02.04-14.56.41:612][231]Cmd: MAP CHECK DONTDISPLAYDIALOG
[2017.02.04-14.56.41:612][231]MapCheck: New page: Main - 4 Feb 2017 14:56:41
[2017.02.04-14.56.41:613][231]MapCheck:Error: Error WorldSettings_1 Maps need lighting rebuilt 
[2017.02.04-14.56.41:647][231]MapCheck: Info Map check complete: 1 Error(s), 0 Warning(s), took 34.165ms to complete.
[2017.02.04-14.56.41:669][231]LogEditorBuildUtils: Build time 0:06
[2017.02.04-14.57.08:470][499]Job is a success!
[2017.02.04-14.57.09:737][500]LogTexture:Display: Building textures: SkyOcclusion1_1 (AutoDXT)
[2017.02.04-14.57.09:737][500]LogTexture:Display: Building textures: HQ_Lightmap1_1 (AutoDXT)
[2017.02.04-14.57.09:737][500]LogTexture:Display: Building textures: LQ_Lightmap_1_1 (DXT1)
[2017.02.04-14.57.09:737][500]LogTexture:Display: Building textures: SkyOcclusion1_2 (AutoDXT)
[2017.02.04-14.57.09:737][500]LogTexture:Display: Building textures: HQ_Lightmap1_2 (AutoDXT)
[2017.02.04-14.57.09:737][500]LogTexture:Display: Building textures: LQ_Lightmap_1_2 (DXT1)
[2017.02.04-14.57.09:897][500]LogTexture:Display: Building textures: ShadowMapTexture2D_1 (G8)
[2017.02.04-14.57.09:897][500]LogTexture:Display: Building textures: ShadowMapTexture2D_0 (BGRA8)
[2017.02.04-14.57.09:934][500]Lightmass on DESKTOP-VGT605G: 27.1 sec total, 157 ms importing, 20 ms setup, 902 ms photons, 25.9 sec processing, 0 ms extra exporting [32/32 mappings]. Threads: 1:43 min total, 1:11 min processing.
[2017.02.04-14.57.09:934][500]LogStaticLightingSystem: Illumination: 33.9 sec (817 ms encoding lightmaps, 145 ms encoding shadowmaps)
[2017.02.04-14.57.09:934][500]LogStaticLightingSystem: Lightmap texture memory:  2.7 MB (2.7 MB streaming, 0.0 MB non-streaming), 4 textures
[2017.02.04-14.57.09:934][500]LogStaticLightingSystem: Shadowmap texture memory: 2.7 MB (2.7 MB streaming, 0.0 MB non-streaming), 2 textures
[2017.02.04-14.57.10:486][500]DumpUnbuiltLightIteractions
[2017.02.04-14.57.10:486][500]Lights with unbuilt interactions: 0
[2017.02.04-14.57.10:486][500]
[2017.02.04-14.57.10:486][500]Primitives with unbuilt interactions: 0
[2017.02.04-14.57.10:496][501]Cmd: MAP CHECK NOTIFYRESULTS
[2017.02.04-14.57.10:496][501]MapCheck: New page: Main - 4 Feb 2017 14:57:10
[2017.02.04-14.57.10:537][501]MapCheck: Info Map check complete: 0 Error(s), 0 Warning(s), took 41.438ms to complete.
[2017.02.04-14.57.56:681][753]LogEditorViewport: Clicking on Actor (LMB): StaticMeshActor (Table)
[2017.02.04-14.57.57:156][805]LogEditorViewport: Clicking on Actor (LMB): StaticMeshActor (Floor)
[2017.02.04-14.58.00:032][142]LogEditorViewport: Clicking on Actor (LMB): StaticMeshActor (Picture)
[2017.02.04-14.58.00:742][222]Cmd: CAMERA ALIGN ACTIVEVIEWPORTONLY
[2017.02.04-14.58.09:490][257]LogEditorViewport: Clicking on Actor (LMB): StaticMeshActor (Table)
[2017.02.04-14.58.10:881][418]Cmd: CAMERA ALIGN ACTIVEVIEWPORTONLY
[2017.02.04-14.58.20:373][520]LogEditorViewport: Clicking on Actor (LMB): StaticMeshActor (Floor)
[2017.02.04-14.58.21:558][654]LogEditorViewport: Clicking on Actor (context menu): StaticMeshActor (Floor)
[2017.02.04-14.58.22:447][757]LogEditorViewport: Clicking on Actor (LMB): StaticMeshActor (Table)
[2017.02.04-14.58.35:891][336]Cmd: CAMERA ALIGN ACTIVEVIEWPORTONLY
[2017.02.04-14.58.39:709][764]LogEditorViewport: Clicking on Actor (LMB): StaticMeshActor (Button)
[2017.02.04-14.58.40:250][824]Cmd: CAMERA ALIGN ACTIVEVIEWPORTONLY
[2017.02.04-14.58.41:481][960]LogEditorViewport: Clicking on Actor (LMB): StaticMeshActor (Wall_Door_400x300)
[2017.02.04-14.58.42:046][ 23]LogEditorViewport: Clicking on Actor (LMB): StaticMeshActor (Button)
[2017.02.04-14.58.43:778][224]Cmd: TRANSACTION UNDO
[2017.02.04-14.58.43:778][224]LogEditorTransaction: Undo Move Actors
[2017.02.04-14.58.48:146][698]LogEditorViewport: Clicking on Actor (LMB): SkyLight (SkyLight)
[2017.02.04-14.58.52:613][219]Cmd: CAMERA ALIGN ACTIVEVIEWPORTONLY
[2017.02.04-14.58.55:184][516]LogEditorViewport: Clicking on Actor (LMB): DirectionalLight (Light Source)
[2017.02.04-14.58.55:374][534]Cmd: CAMERA ALIGN ACTIVEVIEWPORTONLY
[2017.02.04-14.59.05:250][679]LogEditorViewport: Clicking on Actor (LMB): PointLight (PointLight)
[2017.02.04-14.59.28:057][258]MapCheck: New page: Map Check
[2017.02.04-14.59.28:070][258]Cmd: MAP REBUILD ALLVISIBLE
[2017.02.04-14.59.28:070][258]LogEditorServer: Rebuildmap Clear paths rebuilt
[2017.02.04-14.59.28:077][258]LightingResults: New page: Lighting Build - 4 Feb 2017 14:59:28
[2017.02.04-14.59.28:083][258]LogSwarmInterface: [OpenConnection] Registering TCP channel ...
[2017.02.04-14.59.28:085][258]LogSwarmInterface: [OpenConnection] Connecting to agent ...
[2017.02.04-14.59.28:085][258]LogSwarmInterface: [TryOpenConnection] Testing the Agent
[2017.02.04-14.59.28:086][258]LogSwarmInterface: [TryOpenConnection] Opening Connection to Agent
[2017.02.04-14.59.28:086][258]LogSwarmInterface: [TryOpenConnection] Local Process ID is 10176
[2017.02.04-14.59.32:593][258]LogStaticLightingSystem: Running Lightmass w/ ImmediateImport mode ENABLED
[2017.02.04-14.59.32:593][258]LogStaticLightingSystem: Running Lightmass w/ ImmediateProcess mode ENABLED
[2017.02.04-14.59.32:593][258]LogStaticLightingSystem: Running Lightmass w/ Sorting mode ENABLED
[2017.02.04-14.59.32:593][258]LogStaticLightingSystem: Running Lightmass w/ Mapping paddings ENABLED
[2017.02.04-14.59.32:593][258]LogStaticLightingSystem: Running Lightmass w/ Mapping debug paddings DISABLED
[2017.02.04-14.59.32:694][258]Cmd: MAP CHECK DONTDISPLAYDIALOG
[2017.02.04-14.59.32:694][258]MapCheck: New page: Main - 4 Feb 2017 14:59:32
[2017.02.04-14.59.32:695][258]MapCheck:Error: Error WorldSettings_1 Maps need lighting rebuilt 
[2017.02.04-14.59.32:728][258]MapCheck: Info Map check complete: 1 Error(s), 0 Warning(s), took 33.498ms to complete.
[2017.02.04-14.59.32:750][258]LogEditorBuildUtils: Build time 0:04
[2017.02.04-15.00.22:326][992]Job is a success!
[2017.02.04-15.00.22:836][994]LogTexture:Display: Building textures: SkyOcclusion0_1 (AutoDXT)
[2017.02.04-15.00.22:836][994]LogTexture:Display: Building textures: HQ_Lightmap0_1 (AutoDXT)
[2017.02.04-15.00.22:836][994]LogTexture:Display: Building textures: LQ_Lightmap_0_1 (DXT1)
[2017.02.04-15.00.22:836][994]LogTexture:Display: Building textures: SkyOcclusion0_2 (AutoDXT)
[2017.02.04-15.00.22:836][994]LogTexture:Display: Building textures: HQ_Lightmap0_2 (AutoDXT)
[2017.02.04-15.00.22:836][994]LogTexture:Display: Building textures: LQ_Lightmap_0_2 (DXT1)
[2017.02.04-15.00.22:944][994]LogTexture:Display: Building textures: ShadowMapTexture2D_2 (BGRA8)
[2017.02.04-15.00.22:944][994]LogTexture:Display: Building textures: ShadowMapTexture2D_3 (G8)
[2017.02.04-15.00.22:968][994]LogStaticLightingSystem: Illumination: 54.8 sec (445 ms encoding lightmaps, 106 ms encoding shadowmaps)
[2017.02.04-15.00.22:968][994]LogStaticLightingSystem: Lightmap texture memory:  2.7 MB (2.7 MB streaming, 0.0 MB non-streaming), 4 textures
[2017.02.04-15.00.22:968][994]LogStaticLightingSystem: Shadowmap texture memory: 2.7 MB (2.7 MB streaming, 0.0 MB non-streaming), 2 textures
[2017.02.04-15.00.23:604][994]DumpUnbuiltLightIteractions
[2017.02.04-15.00.23:604][994]Lights with unbuilt interactions: 0
[2017.02.04-15.00.23:604][994]
[2017.02.04-15.00.23:604][994]Primitives with unbuilt interactions: 0
[2017.02.04-15.00.23:611][995]Cmd: MAP CHECK NOTIFYRESULTS
[2017.02.04-15.00.23:611][995]MapCheck: New page: Main - 4 Feb 2017 15:00:23
[2017.02.04-15.00.23:667][995]MapCheck: Info Map check complete: 0 Error(s), 0 Warning(s), took 56.213ms to complete.
[2017.02.04-15.00.28:832][595]LogEditorViewport: Clicking on Actor (LMB): StaticMeshActor (Wall_Door_400x300)
[2017.02.04-15.00.29:384][656]LogEditorViewport: Clicking on Actor (LMB): StaticMeshActor (Button)
[2017.02.04-15.00.30:257][755]Cmd: CAMERA ALIGN ACTIVEVIEWPORTONLY
[2017.02.04-15.00.36:383][455]LogEditorViewport: Clicking on Actor (LMB): PointLight (PointLight2)
[2017.02.04-15.00.36:974][521]Cmd: DELETE
[2017.02.04-15.00.36:974][521]Cmd: ACTOR DELETE
[2017.02.04-15.00.36:975][521]LogEditorActor: Deleted Actor: PointLight
[2017.02.04-15.00.36:981][521]LogEditorActor: Deleted 1 Actors (0.007 secs)
[2017.02.04-15.00.38:988][761]LogEditorViewport: Clicking on Actor (LMB): PointLight (PointLight3)
[2017.02.04-15.00.39:061][766]Cmd: DELETE
[2017.02.04-15.00.39:061][766]Cmd: ACTOR DELETE
[2017.02.04-15.00.39:062][766]LogEditorActor: Deleted Actor: PointLight
[2017.02.04-15.00.39:069][766]LogEditorActor: Deleted 1 Actors (0.007 secs)
[2017.02.04-15.00.45:369][519]LogEditorViewport: Clicking on Actor (LMB): StaticMeshActor (Cactus)
[2017.02.04-15.00.45:915][579]LogEditorViewport: Clicking on Actor (LMB): StaticMeshActor (Table)
[2017.02.04-15.01.04:494][670]Cmd: OBJ SAVEPACKAGE PACKAGE="/Game/Maps/Main" FILE="D:/Projects/UE4/BPFundamentals/Content/Maps/Main.umap" SILENT=true AUTOSAVING=false KEEPDIRTY=false
[2017.02.04-15.01.04:533][670]LogSavePackage: Save=26.88ms
[2017.02.04-15.01.04:533][670]LogSavePackage: Moving 'D:/Projects/UE4/BPFundamentals/Saved/Main22D58C53459C0A37763C6EAFA51D0BA7.tmp' to 'D:/Projects/UE4/BPFundamentals/Content/Maps/Main.umap'
[2017.02.04-15.01.04:534][670]LogSavePackage:Display: Finished SavePackage D:/Projects/UE4/BPFundamentals/Content/Maps/Main.umap
[2017.02.04-15.01.04:554][670]Cmd: OBJ SAVEPACKAGE PACKAGE="/Game/Maps/Main_BuiltData" FILE="D:/Projects/UE4/BPFundamentals/Content/Maps/Main_BuiltData.uasset" SILENT=true
[2017.02.04-15.01.04:633][670]LogSavePackage: Save=73.10ms
[2017.02.04-15.01.04:633][670]LogSavePackage: Moving 'D:/Projects/UE4/BPFundamentals/Saved/Main_BuiltDataD88AB79E4FF5332F3A7F9CB14F140956.tmp' to 'D:/Projects/UE4/BPFundamentals/Content/Maps/Main_BuiltData.uasset'
[2017.02.04-15.01.04:634][670]LogSavePackage:Display: Finished SavePackage D:/Projects/UE4/BPFundamentals/Content/Maps/Main_BuiltData.uasset
[2017.02.04-15.02.26:644][767]LogEditorFactories: Performing atomic reimport of [C:/Users/Rob/Desktop/Button.fbx]
[2017.02.04-15.02.26:663][767]LogFbx: Loading FBX Scene from C:/Users/Rob/Desktop/Button.fbx
[2017.02.04-15.02.26:669][767]LogFbx: FBX Scene Loaded Succesfully
[2017.02.04-15.02.26:671][767]LogFbx:Warning: Warning No smoothing group information was found in this FBX scene.  Please make sure to enable the 'Export Smoothing Groups' option in the FBX Exporter plug-in before exporting the file.  Even for tools that don't support smoothing groups, the FBX Exporter will generate appropriate smoothing data at export-time so that correct vertex normals can be inferred while importing.
[2017.02.04-15.02.26:672][767]LogFbx:Warning: Triangulating static mesh Cylinder.002
[2017.02.04-15.02.26:692][767]LogStaticMesh: Building static mesh Button...
[2017.02.04-15.02.26:694][767]LogStaticMesh: Built static mesh [0.00s] /Game/Assets/Meshes/Button.Button
[2017.02.04-15.02.26:695][767]LogStaticMesh:Warning: Button has degenerate tangent bases which will result in incorrect shading.  MikkTSpace relies on tangent bases and may result in mesh corruption, consider disabling this option.
[2017.02.04-15.02.26:703][767]LogFbx:Warning: Warning Button has degenerate tangent bases which will result in incorrect shading.  MikkTSpace relies on tangent bases and may result in mesh corruption, consider disabling this option.
[2017.02.04-15.02.26:706][767]LogFbx:Warning: Warning Warning: The imported mesh is very small. This is most likely an issue with the units used when exporting to FBX.
[2017.02.04-15.02.26:715][767]LogWindows: Windows GetLastError: The operation completed successfully. (0)
[2017.02.04-15.02.27:464][767]LogCrashTracker: 


[2017.02.04-15.02.27:464][767]LogCrashTracker: 


[2017.02.04-15.02.27:464][767]LogWindows:Error: === Critical error: ===
[2017.02.04-15.02.27:464][767]LogWindows:Error: 
[2017.02.04-15.02.27:464][767]LogWindows:Error: Assertion failed: (Index >= 0) & (Index < ArrayNum) [File:d:\build\++ue4+release-4.14+compile\sync\engine\source\runtime\core\public\Containers/Array.h] [Line: 634] 
[2017.02.04-15.02.27:464][767]LogWindows:Error: Array index out of bounds: 0 from an array of size 0
[2017.02.04-15.02.27:464][767]LogWindows:Error: 
[2017.02.04-15.02.27:464][767]LogWindows:Error: 
[2017.02.04-15.02.27:464][767]LogWindows:Error: KERNELBASE.dll
[2017.02.04-15.02.27:464][767]LogWindows:Error: UE4Editor-Core.dll!FOutputDeviceWindowsError::Serialize() [d:\build\++ue4+release-4.14+compile\sync\engine\source\runtime\core\private\windows\windowsplatformoutputdevices.cpp:103]
[2017.02.04-15.02.27:464][767]LogWindows:Error: UE4Editor-Core.dll!FOutputDevice::Logf__VA() [d:\build\++ue4+release-4.14+compile\sync\engine\source\runtime\core\private\misc\outputdevice.cpp:68]
[2017.02.04-15.02.27:464][767]LogWindows:Error: UE4Editor-Core.dll!FDebug::AssertFailed() [d:\build\++ue4+release-4.14+compile\sync\engine\source\runtime\core\private\misc\assertionmacros.cpp:332]
[2017.02.04-15.02.27:464][767]LogWindows:Error: UE4Editor-UnrealEd.dll!RestoreExistingMeshData() [d:\build\++ue4+release-4.14+compile\sync\engine\source\editor\unrealed\private\staticmeshedit.cpp:1180]
[2017.02.04-15.02.27:464][767]LogWindows:Error: UE4Editor-UnrealEd.dll!UnFbx::FFbxImporter::ReimportStaticMesh() [d:\build\++ue4+release-4.14+compile\sync\engine\source\editor\unrealed\private\fbx\fbxstaticmeshimport.cpp:984]
[2017.02.04-15.02.27:464][767]LogWindows:Error: UE4Editor-UnrealEd.dll!UReimportFbxStaticMeshFactory::Reimport() [d:\build\++ue4+release-4.14+compile\sync\engine\source\editor\unrealed\private\factories\editorfactories.cpp:5763]
[2017.02.04-15.02.27:464][767]LogWindows:Error: UE4Editor-UnrealEd.dll!FReimportManager::Reimport() [d:\build\++ue4+release-4.14+compile\sync\engine\source\editor\unrealed\private\editor.cpp:319]
[2017.02.04-15.02.27:464][767]LogWindows:Error: UE4Editor-UnrealEd.dll!FReimportManager::ReimportMultiple() [d:\build\++ue4+release-4.14+compile\sync\engine\source\editor\unrealed\private\editor.cpp:504]
[2017.02.04-15.02.27:464][767]LogWindows:Error: UE4Editor-UnrealEd.dll!FReimportManager::ValidateAllSourceFileAndReimport() [d:\build\++ue4+release-4.14+compile\sync\engine\source\editor\unrealed\private\editor.cpp:487]
[2017.02.04-15.02.27:464][767]LogWindows:Error: UE4Editor-ContentBrowser.dll!FAssetContextMenu::ExecuteReimport() [d:\build\++ue4+release-4.14+compile\sync\engine\source\editor\contentbrowser\private\assetcontextmenu.cpp:1355]
[2017.02.04-15.02.27:464][767]LogWindows:Error: UE4Editor-ContentBrowser.dll!TBaseSPMethodDelegateInstance<0,FAssetContextMenu,0,TTypeWrapper<void> __cdecl(void)>::Execute() [d:\build\++ue4+release-4.14+compile\sync\engine\source\runtime\core\public\delegates\delegateinstancesimpl.h:318]
[2017.02.04-15.02.27:464][767]LogWindows:Error: UE4Editor-ContentBrowser.dll!TBaseSPMethodDelegateInstance<0,FAssetContextMenu,0,void __cdecl(void)>::ExecuteIfSafe() [d:\build\++ue4+release-4.14+compile\sync\engine\source\runtime\core\public\delegates\delegateinstancesimpl.h:424]
[2017.02.04-15.02.27:464][767]LogWindows:Error: UE4Editor-Slate.dll!SMenuEntryBlock::OnClicked() [d:\build\++ue4+release-4.14+compile\sync\engine\source\runtime\slate\private\framework\multibox\smenuentryblock.cpp:1042]
[2017.02.04-15.02.27:464][767]LogWindows:Error: UE4Editor-Slate.dll!SMenuEntryBlock::OnMenuItemButtonClicked() [d:\build\++ue4+release-4.14+compile\sync\engine\source\runtime\slate\private\framework\multibox\smenuentryblock.cpp:993]
[2017.02.04-15.02.27:464][767]LogWindows:Error: UE4Editor-Slate.dll!TMemberFunctionCaller<SMenuEntryBlock,FReply (__cdecl SMenuEntryBlock::*)(void) __ptr64>::operator()<>() [d:\build\++ue4+release-4.14+compile\sync\engine\source\runtime\core\public\delegates\delegateinstanceinterface.h:161]
[2017.02.04-15.02.27:464][767]LogWindows:Error: UE4Editor-Slate.dll!TTupleImpl<TIntegerSequence<unsigned int> >::ApplyAfter<TMemberFunctionCaller<SMenuEntryBlock,FReply (__cdecl SMenuEntryBlock::*)(void) __ptr64> >() [d:\build\++ue4+release-4.14+compile\sync\engine\source\runtime\core\public\delegates\tuple.h:116]
[2017.02.04-15.02.27:464][767]LogWindows:Error: UE4Editor-Slate.dll!TBaseSPMethodDelegateInstance<0,SMenuEntryBlock,0,FReply __cdecl(void)>::Execute() [d:\build\++ue4+release-4.14+compile\sync\engine\source\runtime\core\public\delegates\delegateinstancesimpl.h:318]
[2017.02.04-15.02.27:464][767]LogWindows:Error: UE4Editor-Slate.dll!TBaseDelegate<FReply>::Execute() [d:\build\++ue4+release-4.14+compile\sync\engine\source\runtime\core\public\delegates\delegatesignatureimpl.inl:522]
[2017.02.04-15.02.27:464][767]LogWindows:Error: UE4Editor-Slate.dll!SButton::OnMouseButtonUp() [d:\build\++ue4+release-4.14+compile\sync\engine\source\runtime\slate\private\widgets\input\sbutton.cpp:275]
[2017.02.04-15.02.27:464][767]LogWindows:Error: UE4Editor-Slate.dll!SMenuEntryButton::OnMouseButtonUp() [d:\build\++ue4+release-4.14+compile\sync\engine\source\runtime\slate\private\framework\multibox\smenuentryblock.cpp:391]
[2017.02.04-15.02.27:464][767]LogWindows:Error: UE4Editor-Slate.dll!<lambda_8d0e9a1da76abd0a756a3a9d775f5ed1>::operator()() [d:\build\++ue4+release-4.14+compile\sync\engine\source\runtime\slate\private\framework\application\slateapplication.cpp:5010]
[2017.02.04-15.02.27:464][767]LogWindows:Error: UE4Editor-Slate.dll!FEventRouter::Route<FReply,FEventRouter::FToLeafmostPolicy,FPointerEvent,<lambda_8d0e9a1da76abd0a756a3a9d775f5ed1> >() [d:\build\++ue4+release-4.14+compile\sync\engine\source\runtime\slate\private\framework\application\slateapplication.cpp:215]
[2017.02.04-15.02.27:464][767]LogWindows:Error: UE4Editor-Slate.dll!FSlateApplication::RoutePointerUpEvent() [d:\build\++ue4+release-4.14+compile\sync\engine\source\runtime\slate\private\framework\application\slateapplication.cpp:4999]
[2017.02.04-15.02.27:464][767]LogWindows:Error: UE4Editor-Slate.dll!FSlateApplication::ProcessMouseButtonUpEvent() [d:\build\++ue4+release-4.14+compile\sync\engine\source\runtime\slate\private\framework\application\slateapplication.cpp:5462]
[2017.02.04-15.02.27:464][767]LogWindows:Error: UE4Editor-Slate.dll!FSlateApplication::OnMouseUp() [d:\build\++ue4+release-4.14+compile\sync\engine\source\runtime\slate\private\framework\application\slateapplication.cpp:5439]
[2017.02.04-15.02.27:464][767]LogWindows:Error: UE4Editor-Core.dll!FWindowsApplication::ProcessDeferredMessage() [d:\build\++ue4+release-4.14+compile\sync\engine\source\runtime\core\private\windows\windowsapplication.cpp:1652]
[2017.02.04-15.02.27:464][767]LogWindows:Error: UE4Editor-Core.dll!FWindowsApplication::DeferMessage() [d:\build\++ue4+release-4.14+compile\sync\engine\source\runtime\core\private\windows\windowsapplication.cpp:2071]
[2017.02.04-15.02.27:464][767]LogWindows:Error: UE4Editor-Core.dll!FWindowsApplication::ProcessMessage() [d:\build\++ue4+release-4.14+compile\sync\engine\source\runtime\core\private\windows\windowsapplication.cpp:814]
[2017.02.04-15.02.27:464][767]LogWindows:Error: UE4Editor-Core.dll!FWindowsApplication::AppWndProc() [d:\build\++ue4+release-4.14+compile\sync\engine\source\runtime\core\private\windows\windowsapplication.cpp:678]
[2017.02.04-15.02.27:464][767]LogWindows:Error: USER32.dll
[2017.02.04-15.02.27:464][767]LogWindows:Error: USER32.dll
[2017.02.04-15.02.27:464][767]LogWindows:Error: UE4Editor-Core.dll!FWindowsPlatformMisc::PumpMessages() [d:\build\++ue4+release-4.14+compile\sync\engine\source\runtime\core\private\windows\windowsplatformmisc.cpp:951]
[2017.02.04-15.02.27:464][767]LogWindows:Error: UE4Editor.exe!FEngineLoop::Tick() [d:\build\++ue4+release-4.14+compile\sync\engine\source\runtime\launch\private\launchengineloop.cpp:2811]
[2017.02.04-15.02.27:464][767]LogWindows:Error: UE4Editor.exe!GuardedMain() [d:\build\++ue4+release-4.14+compile\sync\engine\source\runtime\launch\private\launch.cpp:152]
[2017.02.04-15.02.27:464][767]LogWindows:Error: UE4Editor.exe!GuardedMainWrapper() [d:\build\++ue4+release-4.14+compile\sync\engine\source\runtime\launch\private\windows\launchwindows.cpp:126]
[2017.02.04-15.02.27:464][767]LogWindows:Error: UE4Editor.exe!WinMain() [d:\build\++ue4+release-4.14+compile\sync\engine\source\runtime\launch\private\windows\launchwindows.cpp:202]
[2017.02.04-15.02.27:465][767]LogWindows:Error: UE4Editor.exe!__scrt_common_main_seh() [f:\dd\vctools\crt\vcstartup\src\startup\exe_common.inl:264]
[2017.02.04-15.02.27:465][767]LogWindows:Error: KERNEL32.DLL
[2017.02.04-15.02.27:465][767]LogWindows:Error: ntdll.dll
[2017.02.04-15.02.27:465][767]LogWindows:Error: ntdll.dll
[2017.02.04-15.02.27:465][767]LogWindows:Error: 
[2017.02.04-15.02.27:486][767]LogExit: Executing StaticShutdownAfterError
[2017.02.04-15.02.27:489][767]LogWindows: FPlatformMisc::RequestExit(1)
[2017.02.04-15.02.27:489][767]Log file closed, 02/04/17 15:02:27
